<?xml version="1.0" encoding="utf-8"?><testsuites name="pytest tests"><testsuite name="pytest" errors="0" failures="0" skipped="0" tests="2" time="3.601" timestamp="2026-07-05T21:41:48.166421+00:00" hostname="agent-env-a37ad848-4acf-46cd-8820-71dfaba531cc"><testcase classname="tests.test_iteration21_accept_plan_confirms" name="test_accept_plan_persists_confirmed_status_on_match" time="2.211" /><testcase classname="tests.test_iteration21_accept_plan_confirms" name="test_accept_plan_by_proposer_forbidden" time="0.844" /></testsuite></testsuites>