<?xml version="1.0" encoding="utf-8"?><testsuites name="pytest tests"><testsuite name="pytest" errors="0" failures="1" skipped="0" tests="29" time="7.699" timestamp="2026-07-05T21:40:12.697234+00:00" hostname="agent-env-a37ad848-4acf-46cd-8820-71dfaba531cc"><testcase classname="tests.test_iteration19_bio_regex" name="test_bio_accepted[Busco amistad y salir de la rutina]" time="1.420" /><testcase classname="tests.test_iteration12_flujomatch" name="test_like_case_a_same_activity" time="1.489" /><testcase classname="tests.test_iteration19_bio_regex" name="test_bio_accepted[Sobria desde 2024. Comence despues de un anio dificil.]" time="0.239" /><testcase classname="tests.test_iteration12_flujomatch" name="test_like_case_b_different_activities" time="0.247" /><testcase classname="tests.test_iteration19_bio_regex" name="test_bio_accepted[Vamos.como amigos]" time="0.239" /><testcase classname="tests.test_iteration12_flujomatch" name="test_like_case_c_only_one_proposes" time="0.251" /><testcase classname="tests.test_iteration19_bio_regex" name="test_bio_accepted[Prefiero hablar de.com plicaciones]" time="0.256" /><testcase classname="tests.test_iteration12_flujomatch" name="test_like_case_d_no_proposal" time="0.213" /><testcase classname="tests.test_iteration19_bio_regex" name="test_bio_accepted[a mi me gusta correr.como cardio]" time="0.203" /><testcase classname="tests.test_iteration12_flujomatch" name="test_matches_returns_proposals_resolved" time="0.306" /><testcase classname="tests.test_iteration19_bio_regex" name="test_bio_accepted[]" time="0.190" /><testcase classname="tests.test_iteration12_flujomatch" name="test_likes_received_and_seen_and_counts" time="0.480" /><testcase classname="tests.test_iteration19_bio_regex" name="test_bio_url_rejected[sigueme en instagram.com/juanita]" time="0.136" /><testcase classname="tests.test_iteration19_bio_regex" name="test_bio_url_rejected[mi web es misitio.com]" time="0.143" /><testcase classname="tests.test_iteration19_bio_regex" name="test_bio_url_rejected[https://plansobrio.cl]" time="0.096" /><testcase classname="tests.test_iteration19_bio_regex" name="test_bio_url_rejected[www.google.com]" time="0.143" /><testcase classname="tests.test_iteration12_flujomatch" name="test_likes_received_excludes_matched" time="0.100" /><testcase classname="tests.test_iteration19_bio_regex" name="test_bio_phone_rejected[llamame al +569 8765 4321]" time="0.116" /><testcase classname="tests.test_iteration12_flujomatch" name="test_likes_received_excludes_passed" time="0.105" /><testcase classname="tests.test_iteration19_bio_regex" name="test_bio_cleanup" time="0.094" /><testcase classname="tests.test_iteration12_flujomatch" name="test_nudge_job_fires_once" time="0.732" /><testcase classname="tests.test_iteration19_bio_regex" name="test_onboarding_repro_original_bug_now_passes" time="0.955" /><testcase classname="tests.test_iteration12_flujomatch" name="test_nudge_skipped_when_confirmed" time="0.105" /><testcase classname="tests.test_iteration12_flujomatch" name="test_admin_users_no_coords" time="0.104" /><testcase classname="tests.test_iteration12_flujomatch" name="test_zzz_cleanup" time="0.003" /><testcase classname="tests.test_iteration21_accept_plan_confirms" name="test_accept_plan_persists_confirmed_status_on_match" time="1.714"><failure message="AssertionError: Could not create/find match between demo1 and demo2&#10;assert None is not None">backend/tests/test_iteration21_accept_plan_confirms.py:54: in test_accept_plan_persists_confirmed_status_on_match
    assert match is not None, "Could not create/find match between demo1 and demo2"
E   AssertionError: Could not create/find match between demo1 and demo2
E   assert None is not None</failure></testcase><testcase classname="tests.test_iteration19_bio_regex" name="test_onboarding_still_blocks_real_domain" time="1.066" /><testcase classname="tests.test_iteration19_bio_regex" name="test_onboarding_happy_path_clean_bio" time="1.327" /><testcase classname="tests.test_iteration21_accept_plan_confirms" name="test_accept_plan_by_proposer_forbidden" time="0.899" /></testsuite></testsuites>