<?xml version="1.0" encoding="utf-8"?><testsuites name="pytest tests"><testsuite name="pytest" errors="0" failures="0" skipped="0" tests="3" time="5.020" timestamp="2026-09-06T22:04:22.887438+00:00" hostname="agent-env-a37ad848-4acf-46cd-8820-71dfaba531cc"><testcase classname="tests.test_iteration29_recursos" name="test_sober_counter_flow" time="1.656" /><testcase classname="tests.test_iteration29_recursos" name="test_sober_counter_private_in_public_profile" time="1.290" /><testcase classname="tests.test_iteration29_recursos" name="test_blog_private_vs_public" time="1.492" /></testsuite></testsuites>