<?xml version="1.0" encoding="utf-8"?><testsuites name="pytest tests"><testsuite name="pytest" errors="0" failures="0" skipped="0" tests="10" time="3.684" timestamp="2026-07-05T22:23:14.655805+00:00" hostname="agent-env-a37ad848-4acf-46cd-8820-71dfaba531cc"><testcase classname="tests.test_iteration23_groups_events_plans.TestAdminGroups" name="test_create_group_fields_persist" time="1.027" /><testcase classname="tests.test_iteration23_groups_events_plans.TestAdminGroups" name="test_edit_group" time="0.272" /><testcase classname="tests.test_iteration23_groups_events_plans.TestAdminEvents" name="test_create_event_persisted" time="0.142" /><testcase classname="tests.test_iteration23_groups_events_plans.TestRsvpAndPlans" name="test_demo1_join_and_rsvp" time="1.565" /><testcase classname="tests.test_iteration23_groups_events_plans.TestAdminEvents" name="test_edit_event" time="0.241" /><testcase classname="tests.test_iteration23_groups_events_plans.TestRsvpAndPlans" name="test_plans_returns_group_event" time="0.099" /><testcase classname="tests.test_iteration23_groups_events_plans.TestRsvpAndPlans" name="test_plans_sorted_by_when_asc" time="0.098" /><testcase classname="tests.test_iteration23_groups_events_plans.TestAdminDelete" name="test_delete_event_returns_ok" time="0.739" /><testcase classname="tests.test_iteration23_groups_events_plans.TestRsvpAndPlans" name="test_capacity_enforcement" time="0.722" /><testcase classname="tests.test_iteration23_groups_events_plans.TestRsvpAndPlans" name="test_cancel_rsvp_frees_slot" time="0.599" /></testsuite></testsuites>