<?xml version="1.0" encoding="utf-8"?><testsuites name="pytest tests"><testsuite name="pytest" errors="0" failures="9" skipped="3" tests="159" time="178.879" timestamp="2026-07-05T17:22:53.777216+00:00" hostname="agent-env-a37ad848-4acf-46cd-8820-71dfaba531cc"><testcase classname="tests.test_iteration8_geoswipe" name="test_discover_returns_distance_sorted_ascending" time="0.891" /><testcase classname="tests.test_iteration8_geoswipe" name="test_discover_radius_5km_narrows" time="0.338" /><testcase classname="tests.test_iteration8_geoswipe" name="test_discover_radius_1000_rejected" time="0.106" /><testcase classname="tests.test_iteration12_flujomatch" name="test_like_case_a_same_activity" time="1.463" /><testcase classname="tests.test_iteration8_geoswipe" name="test_discover_privacy_no_sensitive_fields" time="0.057" /><testcase classname="tests.test_iteration8_geoswipe" name="test_patch_profile_coords_persist_and_reorder" time="0.216" /><testcase classname="tests.test_iteration12_flujomatch" name="test_like_case_b_different_activities" time="0.245" /><testcase classname="tests.test_iteration8_geoswipe" name="test_patch_comuna_only_rederives_to_CL" time="0.233"><failure message="AssertionError: country should be re-derived to CL, got IN&#10;assert 'IN' == 'CL'&#10;  &#10;  - CL&#10;  + IN">backend/tests/test_iteration8_geoswipe.py:123: in test_patch_comuna_only_rederives_to_CL
    assert me2.get("country") == "CL", f"country should be re-derived to CL, got {me2.get('country')}"
E   AssertionError: country should be re-derived to CL, got IN
E   assert 'IN' == 'CL'
E     
E     - CL
E     + IN</failure></testcase><testcase classname="tests.test_iteration12_flujomatch" name="test_like_case_c_only_one_proposes" time="0.294" /><testcase classname="tests.test_iteration8_geoswipe" name="test_waitlist_creates_and_upserts" time="0.197" /><testcase classname="tests.test_iteration12_flujomatch" name="test_like_case_d_no_proposal" time="0.224" /><testcase classname="tests.test_iteration8_geoswipe" name="test_waitlist_invalid_email" time="0.096" /><testcase classname="tests.test_iteration8_geoswipe" name="test_geo_countries_still_works" time="0.109" /><testcase classname="tests.test_iteration12_flujomatch" name="test_matches_returns_proposals_resolved" time="0.309" /><testcase classname="tests.test_iteration8_geoswipe" name="test_geo_helplines_still_works" time="0.099" /><testcase classname="tests.test_iteration8_geoswipe" name="test_like_endpoint_still_works" time="0.065"><skipped type="pytest.skip" message="No candidates available">/app/backend/tests/test_iteration8_geoswipe.py:177: No candidates available</skipped></testcase><testcase classname="tests.test_iteration8_geoswipe" name="test_new_user_onboarding_backfills_CL" time="0.504"><failure message="AssertionError: {&quot;detail&quot;:&quot;Escribe al menos 1 frase para tu perfil&quot;}&#10;assert 400 == 200&#10; +  where 400 = &lt;Response [400]&gt;.status_code">backend/tests/test_iteration8_geoswipe.py:206: in test_new_user_onboarding_backfills_CL
    assert r.status_code == 200, r.text
E   AssertionError: {"detail":"Escribe al menos 1 frase para tu perfil"}
E   assert 400 == 200
E    +  where 400 = &lt;Response [400]&gt;.status_code</failure></testcase><testcase classname="tests.test_iteration12_flujomatch" name="test_likes_received_and_seen_and_counts" time="0.544" /><testcase classname="tests.test_iteration7_geo" name="test_geo_countries_public_chile_enabled" time="0.096" /><testcase classname="tests.test_iteration7_geo" name="test_geo_helplines_cl_returns_four_sorted" time="0.121" /><testcase classname="tests.test_iteration12_flujomatch" name="test_likes_received_excludes_matched" time="0.108" /><testcase classname="tests.test_iteration7_geo" name="test_geo_helplines_us_empty" time="0.108" /><testcase classname="tests.test_iteration12_flujomatch" name="test_likes_received_excludes_passed" time="0.107" /><testcase classname="tests.test_iteration12_flujomatch" name="test_nudge_job_fires_once" time="0.907" /><testcase classname="tests.test_iteration7_geo" name="test_auth_me_has_country_and_location" time="0.427" /><testcase classname="tests.test_iteration7_geo" name="test_discover_amistad_no_private_fields" time="0.105" /><testcase classname="tests.test_iteration7_geo" name="test_patch_profile_comuna_updates_location" time="0.291" /><testcase classname="tests.test_iteration7_geo" name="test_patch_profile_location_coords_rounded" time="0.197"><failure message="AssertionError: Not rounded to 4 dp: [-70.56, -33.41]&#10;assert [-70.56, -33.41] == [-70.5568, -33.4123]&#10;  &#10;  At index 0 diff: -70.56 != -70.5568&#10;  Use -v to get more diff">backend/tests/test_iteration7_geo.py:129: in test_patch_profile_location_coords_rounded
    assert coords == [-70.5568, -33.4123], f"Not rounded to 4 dp: {coords}"
E   AssertionError: Not rounded to 4 dp: [-70.56, -33.41]
E   assert [-70.56, -33.41] == [-70.5568, -33.4123]
E     
E     At index 0 diff: -70.56 != -70.5568
E     Use -v to get more diff</failure></testcase><testcase classname="tests.test_iteration12_flujomatch" name="test_nudge_skipped_when_confirmed" time="0.098" /><testcase classname="tests.test_iteration7_geo" name="test_like_and_quota_still_works" time="0.567" /><testcase classname="tests.test_iteration12_flujomatch" name="test_admin_users_no_coords" time="0.110" /><testcase classname="tests.test_iteration12_flujomatch" name="test_zzz_cleanup" time="0.003" /><testcase classname="tests.test_iteration7_geo" name="test_new_user_onboarding_sets_location_and_country" time="0.814" /><testcase classname="tests.test_iteration10_ajustesv2.TestBlockCBio" name="test_bio_rejects_url" time="0.793" /><testcase classname="tests.test_iteration10_ajustesv2.TestBlockCBio" name="test_bio_rejects_phone" time="0.117" /><testcase classname="tests.test_iteration10_ajustesv2.TestBlockCBio" name="test_bio_rejects_over_300" time="0.145" /><testcase classname="tests.test_iteration10_ajustesv2.TestBlockCBio" name="test_bio_accepts_valid_100_chars" time="0.199" /><testcase classname="tests.backend_test.TestOnboardingLite" name="test_onboarding_accepts_single_prompt" time="0.763" /><testcase classname="tests.test_iteration10_ajustesv2.TestBlockCBio" name="test_bio_public_exposure" time="0.672" /><testcase classname="tests.test_iteration10_ajustesv2.TestPrivacyB3NoCoordLeaks" name="test_discover_no_leak" time="0.100" /><testcase classname="tests.backend_test.TestOnboardingLite" name="test_onboarding_rejects_zero_prompts" time="0.526" /><testcase classname="tests.test_iteration10_ajustesv2.TestPrivacyB3NoCoordLeaks" name="test_public_profile_no_leak" time="0.423" /><testcase classname="tests.test_iteration10_ajustesv2.TestPrivacyB3NoCoordLeaks" name="test_matches_no_leak" time="0.094" /><testcase classname="tests.backend_test.TestOnboardingLite" name="test_onboarding_rejects_seven_prompts" time="0.672" /><testcase classname="tests.test_iteration10_ajustesv2.TestPrivacyB3NoCoordLeaks" name="test_admin_users_no_coord_leak" time="0.691" /><testcase classname="tests.backend_test.TestOnboardingLite" name="test_onboarding_accepts_detail_fields_and_privacy" time="30.654" /><testcase classname="tests.test_iteration10_ajustesv2.TestRegressions" name="test_discover_still_returns" time="0.311" /><testcase classname="tests.test_iteration10_ajustesv2.TestRegressions" name="test_matches_still_returns" time="0.104" /><testcase classname="tests.test_iteration10_ajustesv2.TestRegressions" name="test_like_validation" time="15.126" /><testcase classname="tests.test_iteration10_ajustesv2.TestRegressions" name="test_groups_still_returns" time="15.139" /><testcase classname="tests.backend_test.TestOnboardingLite" name="test_onboarding_rejects_out_of_range_height" time="30.699" /><testcase classname="tests.test_iteration13_visual_regression.TestCoreFlowsRegression" name="test_discover" time="4.541" /><testcase classname="tests.test_iteration13_visual_regression.TestCoreFlowsRegression" name="test_matches" time="0.102" /><testcase classname="tests.test_iteration13_visual_regression.TestCoreFlowsRegression" name="test_likes_received" time="0.100" /><testcase classname="tests.test_iteration13_visual_regression.TestCoreFlowsRegression" name="test_notifications_counts_shape" time="0.102" /><testcase classname="tests.test_iteration16_metrics.TestMetricsSmoke" name="test_summary_structure" time="11.088" /><testcase classname="tests.test_iteration16_metrics.TestMetricsSmoke" name="test_funnel_structure" time="0.433" /><testcase classname="tests.test_iteration16_metrics.TestMetricsSmoke" name="test_other_endpoints_smoke" time="1.223" /><testcase classname="tests.test_iteration16_metrics.TestMetricsSmoke" name="test_invalid_days_400" time="1.039" /><testcase classname="tests.test_iteration2.TestDiscoverFilters" name="test_age_range_filter" time="0.421" /><testcase classname="tests.test_iteration2.TestDiscoverFilters" name="test_comuna_filter" time="0.430" /><testcase classname="tests.test_iteration2.TestDiscoverFilters" name="test_combined_filters" time="0.419" /><testcase classname="tests.test_iteration2.TestDiscoverFilters" name="test_invalid_age_type_422" time="0.420" /><testcase classname="tests.test_iteration3.TestLikeValidation" name="test_like_mode_not_enabled_amistad_on_amor_only" time="0.965" /><testcase classname="tests.test_iteration3.TestLikeValidation" name="test_like_amor_target_lacks_amor" time="1.070" /><testcase classname="tests.test_iteration3.TestLikeValidation" name="test_like_amistad_ok_both_have_amistad" time="0.949" /><testcase classname="tests.test_iteration3.TestLikeValidation" name="test_like_amor_incompatible_target_no_amor" time="0.957" /><testcase classname="tests.test_iteration3.TestFileAuth" name="test_file_no_auth_returns_401" time="0.771" /><testcase classname="tests.test_iteration3.TestFileAuth" name="test_file_with_bearer_ok" time="0.276" /><testcase classname="tests.test_iteration3.TestFileAuth" name="test_file_with_query_auth_ok" time="0.222" /><testcase classname="tests.test_iteration3.TestFileAuth" name="test_file_invalid_token_401" time="0.104" /><testcase classname="tests.test_iteration3.TestReports" name="test_report_invalid_category_422" time="0.875" /><testcase classname="tests.test_iteration3.TestReports" name="test_report_ofrece_sustancias_high_priority" time="1.255" /><testcase classname="tests.test_iteration3.TestReports" name="test_report_other_category_normal_priority" time="1.287" /><testcase classname="tests.test_iteration3.TestReports" name="test_admin_reports_sorted_high_first" time="0.462" /><testcase classname="tests.test_iteration4.TestMessagePagination" name="test_default_limit_50_and_ascending" time="1.798" /><testcase classname="tests.backend_test.TestOnboardingLite" name="test_patch_profile_prompts_bounds" time="1.015" /><testcase classname="tests.test_iteration4.TestMessagePagination" name="test_limit_query_param" time="2.724" /><testcase classname="tests.backend_test.TestOnboardingLite" name="test_completeness_endpoint" time="0.575" /><testcase classname="tests.backend_test.TestOnboardingLite" name="test_public_profile_respects_privacy_switches" time="1.148" /><testcase classname="tests.test_iteration9_google_auth.TestRegressions" name="test_admin_login" time="0.331" /><testcase classname="tests.test_iteration9_google_auth.TestRegressions" name="test_demo_login_and_me" time="0.418" /><testcase classname="tests.test_iteration4.TestMessagePagination" name="test_limit_over_max_returns_422" time="1.772" /><testcase classname="tests.test_iteration9_google_auth.TestRegressions" name="test_discover_regression" time="0.773" /><testcase classname="tests.test_iteration9_google_auth.TestRegressions" name="test_patch_profile_regression" time="0.456" /><testcase classname="tests.test_iteration16_metrics.TestMetricsPrivacyAuth" name="test_non_admin_gets_403_on_all" time="1.499" /><testcase classname="tests.test_iteration4.TestMessagePagination" name="test_before_returns_older" time="1.732" /><testcase classname="tests.test_iteration16_metrics.TestMetricsPrivacyAuth" name="test_unauth_gets_401_or_403" time="0.729" /><testcase classname="tests.backend_test.TestAuth" name="test_admin_login_and_me" time="0.585" /><testcase classname="tests.test_iteration16_metrics.TestMetricsPrivacyAuth" name="test_backfill_non_admin_403" time="0.629" /><testcase classname="tests.backend_test.TestAuth" name="test_register_underage_fails" time="0.142" /><testcase classname="tests.test_iteration16_metrics.TestMetricsBackfill" name="test_backfill_ok" time="0.617" /><testcase classname="tests.backend_test.TestAuth" name="test_register_adult_and_onboarding_amor_requires_photo" time="1.113" /><testcase classname="tests.test_iteration16_metrics.TestMetricsBackfill" name="test_backfill_start_after_end_400" time="0.475" /><testcase classname="tests.test_iteration16_metrics.TestMetricsBackfill" name="test_backfill_range_too_large_400" time="0.589" /><testcase classname="tests.test_iteration2.TestNotifications" name="test_counts_shape_and_seen_matches" time="1.654"><failure message="assert 5 == (1 + 0)">backend/tests/test_iteration2.py:65: in test_counts_shape_and_seen_matches
    assert data["total"] == data["new_matches"] + data["unread_messages"]
E   assert 5 == (1 + 0)</failure></testcase><testcase classname="tests.test_iteration2.TestVideoUpload" name="test_reject_bad_extension" time="0.577" /><testcase classname="tests.test_iteration2.TestVideoUpload" name="test_reject_oversize" time="1.631" /><testcase classname="tests.test_iteration2.TestNotifications" name="test_unread_messages_and_read_flow" time="2.259" /><testcase classname="tests.test_iteration2.TestVideoUpload" name="test_upload_small_mp4_and_fetch" time="1.116" /><testcase classname="tests.test_iteration4.TestGroups" name="test_groups_list_has_member_count_and_is_member" time="0.606" /><testcase classname="tests.test_iteration2.TestNotifications" name="test_own_and_system_messages_not_unread" time="1.876" /><testcase classname="tests.test_iteration4.TestGroups" name="test_join_group_reflects_is_member" time="0.674"><skipped type="pytest.skip" message="demo3 already member of every group">/app/backend/tests/test_iteration4.py:96: demo3 already member of every group</skipped></testcase><testcase classname="tests.test_iteration4.TestGroups" name="test_group_events_include_attendees" time="0.558" /><testcase classname="tests.test_iteration9_google_auth.TestOnboardingBirthdateGate" name="test_onboarding_rejects_missing_birthdate" time="0.119"><failure message="AssertionError: assert ('fecha' in 'escribe al menos 1 frase para tu perfil' or '18' in 'escribe al menos 1 frase para tu perfil')">backend/tests/test_iteration9_google_auth.py:109: in test_onboarding_rejects_missing_birthdate
    assert "fecha" in det or "18" in det
E   AssertionError: assert ('fecha' in 'escribe al menos 1 frase para tu perfil' or '18' in 'escribe al menos 1 frase para tu perfil')</failure></testcase><testcase classname="tests.test_iteration9_google_auth.TestOnboardingBirthdateGate" name="test_onboarding_rejects_underage" time="0.116"><failure message="AssertionError: assert '18' in (('Escribe al menos 1 frase para tu perfil'))&#10; +  where 'Escribe al menos 1 frase para tu perfil' = &lt;built-in method get of dict object at 0xfb6a5820a140&gt;('detail')&#10; +    where &lt;built-in method get of dict object at 0xfb6a5820a140&gt; = {'detail': 'Escribe al menos 1 frase para tu perfil'}.get&#10; +      where {'detail': 'Escribe al menos 1 frase para tu perfil'} = json()&#10; +        where json = &lt;Response [400]&gt;.json">backend/tests/test_iteration9_google_auth.py:121: in test_onboarding_rejects_underage
    assert "18" in (r.json().get("detail") or "")
E   AssertionError: assert '18' in (('Escribe al menos 1 frase para tu perfil'))
E    +  where 'Escribe al menos 1 frase para tu perfil' = &lt;built-in method get of dict object at 0xfb6a5820a140&gt;('detail')
E    +    where &lt;built-in method get of dict object at 0xfb6a5820a140&gt; = {'detail': 'Escribe al menos 1 frase para tu perfil'}.get
E    +      where {'detail': 'Escribe al menos 1 frase para tu perfil'} = json()
E    +        where json = &lt;Response [400]&gt;.json</failure></testcase><testcase classname="tests.test_iteration5.TestVideosHidden" name="test_discover_has_no_videos_key" time="0.466" /><testcase classname="tests.test_iteration9_google_auth.TestOnboardingBirthdateGate" name="test_onboarding_success_with_valid_dob" time="0.250"><failure message="AssertionError: {&quot;detail&quot;:&quot;Escribe al menos 1 frase para tu perfil&quot;}&#10;assert 400 == 200&#10; +  where 400 = &lt;Response [400]&gt;.status_code">backend/tests/test_iteration9_google_auth.py:132: in test_onboarding_success_with_valid_dob
    assert r.status_code == 200, r.text
E   AssertionError: {"detail":"Escribe al menos 1 frase para tu perfil"}
E   assert 400 == 200
E    +  where 400 = &lt;Response [400]&gt;.status_code</failure></testcase><testcase classname="tests.backend_test.TestSeed" name="test_activities_16" time="0.098" /><testcase classname="tests.backend_test.TestSeed" name="test_groups_4" time="1.185" /><testcase classname="tests.test_iteration5.TestVideosHidden" name="test_profile_by_id_has_no_videos_key" time="1.083" /><testcase classname="tests.test_iteration5.TestVideosHidden" name="test_auth_me_still_has_videos_owner_view" time="0.629" /><testcase classname="tests.backend_test.TestDiscover" name="test_discover_amistad_excludes_self" time="30.815" /><testcase classname="tests.backend_test.TestAdmin" name="test_admin_dashboard_reports_users_actions" time="46.348" /><testcase classname="tests.backend_test.TestDiscover" name="test_amor_mode_strict_for_user_without_amor" time="0.488" /><testcase classname="tests.backend_test.TestAdmin" name="test_admin_activities_and_groups_crud" time="7.947" /><testcase classname="tests.test_iteration10_ajustesv2.TestBugA2CoordPreservation" name="test_patch_coords_then_alias_only_preserves" time="28.250" /><testcase classname="tests.test_iteration10_ajustesv2.TestBugA2CoordPreservation" name="test_patch_new_comuna_does_rederive" time="0.417" /><testcase classname="tests.test_iteration11_chat_profile.TestPublicProfile" name="test_get_public_profile_ok" time="0.858" /><testcase classname="tests.test_iteration11_chat_profile.TestPublicProfile" name="test_get_public_profile_404" time="0.101" /><testcase classname="tests.test_iteration13_visual_regression.TestAuthRegression" name="test_login_ok" time="0.339" /><testcase classname="tests.test_iteration13_visual_regression.TestAuthRegression" name="test_login_bad_pw" time="0.316" /><testcase classname="tests.test_iteration16_metrics.TestSupportPageAnonCounter" name="test_anon_view_no_auth_and_increments" time="0.315" /><testcase classname="tests.test_iteration16_metrics.TestSupportPageAnonCounter" name="test_no_user_id_stored" time="0.109" /><testcase classname="tests.test_iteration3.TestBlockBehaviour" name="test_pass_blocked_returns_403" time="2.079" /><testcase classname="tests.test_iteration3.TestBlockBehaviour" name="test_message_after_block_forbidden" time="2.410" /><testcase classname="tests.test_iteration3.TestCORS" name="test_options_allowed_origin" time="0.003" /><testcase classname="tests.test_iteration3.TestCORS" name="test_options_disallowed_origin" time="0.002" /><testcase classname="tests.test_iteration5.TestBanSuspendLogin" name="test_banned_user_gets_403_and_reactivate_restores" time="1.576" /><testcase classname="tests.test_iteration5.TestBanSuspendLogin" name="test_suspended_user_gets_403_account_suspended_with_until" time="1.062" /><testcase classname="tests.test_iteration5.TestAdminCleanupTests" name="test_cleanup_requires_admin_non_admin_403" time="0.409" /><testcase classname="tests.test_iteration5.TestAdminCleanupTests" name="test_cleanup_deletes_test_users" time="1.071" /><testcase classname="tests.test_iteration5.TestUploadPhotoErrors" name="test_txt_file_rejected_with_spanish_message" time="0.417" /><testcase classname="tests.test_iteration5.TestUploadPhotoErrors" name="test_oversize_photo_rejected_with_8mb_msg" time="0.710" /><testcase classname="tests.test_iteration5.TestReportEnumUnchanged" name="test_report_rejects_invalid_category" time="0.841" /><testcase classname="tests.test_iteration5.TestReportEnumUnchanged" name="test_report_accepts_known_category" time="0.969" /><testcase classname="tests.test_iteration9_google_auth.TestGoogleSessionContract" name="test_missing_header_returns_400" time="0.091" /><testcase classname="tests.test_iteration9_google_auth.TestGoogleSessionContract" name="test_bogus_session_returns_401" time="0.540" /><testcase classname="tests.backend_test.TestMatchFlow" name="test_like_then_reciprocal_match" time="2.641" /><testcase classname="tests.test_iteration11_chat_profile.TestGroupMessagesShape" name="test_get_messages_has_photo_field_and_no_noise" time="20.293" /><testcase classname="tests.test_iteration11_chat_profile.TestGroupMessagesShape" name="test_post_message_and_persist" time="0.222" /><testcase classname="tests.test_iteration13_visual_regression.TestActivitiesIcon" name="test_activities_returns_16_with_icon_and_emoji" time="0.425" /><testcase classname="tests.test_iteration13_visual_regression.TestActivitiesIcon" name="test_activities_icon_matches_seed_map" time="0.111" /><testcase classname="tests.backend_test.TestUploads" name="test_photo_upload_and_fetch" time="0.858" /><testcase classname="tests.backend_test.TestReportBlock" name="test_report_and_block_hides_from_discover" time="1.017" /><testcase classname="tests.backend_test.TestQuota" name="test_daily_quota_limit" time="4.019"><skipped type="pytest.skip" message="Not enough valid candidates in current DB state to exhaust daily quota">/app/backend/tests/backend_test.py:349: Not enough valid candidates in current DB state to exhaust daily quota</skipped></testcase><testcase classname="tests.test_iteration10_ajustesv2.TestPrivacyB1CoordRounding" name="test_coords_rounded_2_decimals" time="0.706" /><testcase classname="tests.test_iteration10_ajustesv2.TestPrivacyB2DistanceBuckets" name="test_distances_are_buckets" time="0.098" /><testcase classname="tests.test_iteration11_chat_profile.TestNoNoiseRegression" name="test_no_test_noise_messages" time="0.644" /><testcase classname="tests.test_iteration11_chat_profile.TestRateLimit" name="test_rate_limit_61st_message_returns_429" time="8.171" /><testcase classname="tests.backend_test.TestReasons" name="test_reasons_crud" time="0.725" /><testcase classname="tests.test_iteration10_ajustesv2.TestBlockA5GoogleOnlyLogin" name="test_google_only_login_hint" time="0.152" /><testcase classname="tests.test_iteration2.TestOnboardingWithVideos" name="test_onboarding_accepts_videos_empty" time="0.528" /><testcase classname="tests.test_iteration3.TestRateLimit" name="test_group_chat_rate_limit_60_per_minute" time="7.784" /><testcase classname="tests.test_iteration13_visual_regression.TestProfileRegression" name="test_public_profile_clean_shape" time="0.851" /><testcase classname="tests.test_iteration13_visual_regression.TestAdminCoordLeak" name="test_admin_users_no_coords" time="0.421" /><testcase classname="tests.test_iteration9_google_auth.TestLinkByEmailRegression" name="test_register_then_link_then_login" time="0.662" /><testcase classname="tests.test_iteration4.TestMatchesUnread" name="test_unread_and_read_flow" time="1.424"><failure message="AssertionError: {&quot;detail&quot;:&quot;Estás enviando muchos mensajes muy rápido. Respira un poco 💛&quot;}&#10;assert 429 == 200&#10; +  where 429 = &lt;Response [429]&gt;.status_code">backend/tests/test_iteration4.py:64: in test_unread_and_read_flow
    assert r.status_code == 200, r.text
E   AssertionError: {"detail":"Estás enviando muchos mensajes muy rápido. Respira un poco 💛"}
E   assert 429 == 200
E    +  where 429 = &lt;Response [429]&gt;.status_code</failure></testcase><testcase classname="tests.test_iteration4.TestNotificationsBaseline" name="test_counts_zero_after_seen_and_read" time="0.851"><failure message="assert 3 == 0">backend/tests/test_iteration4.py:185: in test_counts_zero_after_seen_and_read
    assert data["total"] == 0
E   assert 3 == 0</failure></testcase></testsuite></testsuites>