<?xml version="1.0" encoding="utf-8"?><testsuites name="pytest tests"><testsuite name="pytest" errors="0" failures="3" skipped="1" tests="198" time="171.277" timestamp="2026-07-05T21:41:56.168849+00:00" hostname="agent-env-a37ad848-4acf-46cd-8820-71dfaba531cc"><testcase classname="tests.test_iteration19_bio_regex" name="test_bio_accepted[Busco amistad y salir de la rutina]" time="1.243" /><testcase classname="tests.test_iteration19_bio_regex" name="test_bio_accepted[Sobria desde 2024. Comence despues de un anio dificil.]" time="0.247" /><testcase classname="tests.test_iteration12_flujomatch" name="test_like_case_a_same_activity" time="1.563" /><testcase classname="tests.test_iteration19_bio_regex" name="test_bio_accepted[Vamos.como amigos]" time="0.215" /><testcase classname="tests.test_iteration12_flujomatch" name="test_like_case_b_different_activities" time="0.207" /><testcase classname="tests.test_iteration19_bio_regex" name="test_bio_accepted[Prefiero hablar de.com plicaciones]" time="0.222" /><testcase classname="tests.test_iteration12_flujomatch" name="test_like_case_c_only_one_proposes" time="0.220" /><testcase classname="tests.test_iteration19_bio_regex" name="test_bio_accepted[a mi me gusta correr.como cardio]" time="0.254" /><testcase classname="tests.test_iteration12_flujomatch" name="test_like_case_d_no_proposal" time="0.260" /><testcase classname="tests.test_iteration19_bio_regex" name="test_bio_accepted[]" time="0.221" /><testcase classname="tests.test_iteration12_flujomatch" name="test_matches_returns_proposals_resolved" time="0.311" /><testcase classname="tests.test_iteration19_bio_regex" name="test_bio_url_rejected[sigueme en instagram.com/juanita]" time="0.099" /><testcase classname="tests.test_iteration19_bio_regex" name="test_bio_url_rejected[mi web es misitio.com]" time="0.097" /><testcase classname="tests.test_iteration12_flujomatch" name="test_likes_received_and_seen_and_counts" time="0.416" /><testcase classname="tests.test_iteration19_bio_regex" name="test_bio_url_rejected[https://plansobrio.cl]" time="0.098" /><testcase classname="tests.test_iteration19_bio_regex" name="test_bio_url_rejected[www.google.com]" time="0.097" /><testcase classname="tests.test_iteration19_bio_regex" name="test_bio_phone_rejected[llamame al +569 8765 4321]" time="0.102" /><testcase classname="tests.test_iteration19_bio_regex" name="test_bio_cleanup" time="0.101" /><testcase classname="tests.test_iteration12_flujomatch" name="test_likes_received_excludes_matched" time="0.099" /><testcase classname="tests.test_iteration19_bio_regex" name="test_onboarding_repro_original_bug_now_passes" time="0.975" /><testcase classname="tests.test_iteration12_flujomatch" name="test_likes_received_excludes_passed" time="0.304" /><testcase classname="tests.test_iteration12_flujomatch" name="test_nudge_job_fires_once" time="0.915" /><testcase classname="tests.test_iteration19_bio_regex" name="test_onboarding_still_blocks_real_domain" time="0.669" /><testcase classname="tests.test_iteration12_flujomatch" name="test_nudge_skipped_when_confirmed" time="0.105" /><testcase classname="tests.test_iteration12_flujomatch" name="test_admin_users_no_coords" time="0.107" /><testcase classname="tests.test_iteration12_flujomatch" name="test_zzz_cleanup" time="0.003" /><testcase classname="tests.test_iteration7_geo" name="test_geo_countries_public_chile_enabled" time="0.095" /><testcase classname="tests.test_iteration7_geo" name="test_geo_helplines_cl_returns_four_sorted" time="0.092" /><testcase classname="tests.test_iteration19_bio_regex" name="test_onboarding_happy_path_clean_bio" time="1.092" /><testcase classname="tests.test_iteration7_geo" name="test_geo_helplines_us_empty" time="0.263" /><testcase classname="tests.test_iteration7_geo" name="test_auth_me_has_country_and_location" time="0.447" /><testcase classname="tests.test_iteration7_geo" name="test_discover_amistad_no_private_fields" time="0.104" /><testcase classname="tests.test_iteration7_geo" name="test_patch_profile_comuna_updates_location" time="0.292" /><testcase classname="tests.test_iteration7_geo" name="test_patch_profile_location_coords_rounded" time="0.338"><failure message="AssertionError: Not rounded to 2 dp: [-70.61, -33.43]&#10;assert [-70.61, -33.43] == [-70.56, -33.41]&#10;  &#10;  At index 0 diff: -70.61 != -70.56&#10;  &#10;  Full diff:&#10;    [&#10;  -     -70.56,&#10;  ?         -...&#10;  &#10;  ...Full output truncated (7 lines hidden), use '-vv' to show">E   AssertionError: Not rounded to 2 dp: [-70.61, -33.43]
    assert [-70.61, -33.43] == [-70.56, -33.41]
      
      At index 0 diff: -70.61 != -70.56
      
      Full diff:
        [
      -     -70.56,
      ?         -...
      
      ...Full output truncated (7 lines hidden), use '-vv' to show</failure></testcase><testcase classname="tests.test_iteration8_geoswipe" name="test_discover_returns_distance_sorted_ascending" time="0.417" /><testcase classname="tests.test_iteration7_geo" name="test_like_and_quota_still_works" time="0.686" /><testcase classname="tests.test_iteration8_geoswipe" name="test_discover_radius_5km_narrows" time="0.099" /><testcase classname="tests.test_iteration8_geoswipe" name="test_discover_radius_1000_rejected" time="0.047" /><testcase classname="tests.test_iteration8_geoswipe" name="test_discover_privacy_no_sensitive_fields" time="0.050" /><testcase classname="tests.test_iteration8_geoswipe" name="test_patch_profile_coords_persist_and_reorder" time="0.239" /><testcase classname="tests.test_iteration8_geoswipe" name="test_patch_comuna_only_rederives_to_CL" time="0.296" /><testcase classname="tests.test_iteration7_geo" name="test_new_user_onboarding_sets_location_and_country" time="1.318" /><testcase classname="tests.test_iteration8_geoswipe" name="test_waitlist_creates_and_upserts" time="0.613" /><testcase classname="tests.test_iteration8_geoswipe" name="test_waitlist_invalid_email" time="0.101" /><testcase classname="tests.test_iteration8_geoswipe" name="test_geo_countries_still_works" time="0.093" /><testcase classname="tests.test_iteration8_geoswipe" name="test_geo_helplines_still_works" time="0.134" /><testcase classname="tests.test_iteration8_geoswipe" name="test_like_endpoint_still_works" time="0.352" /><testcase classname="tests.backend_test.TestOnboardingLite" name="test_onboarding_accepts_single_prompt" time="1.116" /><testcase classname="tests.test_iteration8_geoswipe" name="test_new_user_onboarding_backfills_CL" time="1.144" /><testcase classname="tests.backend_test.TestOnboardingLite" name="test_onboarding_rejects_zero_prompts" time="0.736" /><testcase classname="tests.test_iteration17_emails.TestPasswordFlow" name="test_forgot_existing_user" time="2.491" /><testcase classname="tests.backend_test.TestOnboardingLite" name="test_onboarding_rejects_seven_prompts" time="0.750" /><testcase classname="tests.backend_test.TestOnboardingLite" name="test_onboarding_accepts_detail_fields_and_privacy" time="31.165" /><testcase classname="tests.test_iteration17_emails.TestPasswordFlow" name="test_forgot_nonexistent_returns_ok_no_log" time="40.140" /><testcase classname="tests.backend_test.TestOnboardingLite" name="test_onboarding_rejects_out_of_range_height" time="0.687" /><testcase classname="tests.backend_test.TestOnboardingLite" name="test_patch_profile_prompts_bounds" time="1.096" /><testcase classname="tests.backend_test.TestOnboardingLite" name="test_completeness_endpoint" time="0.423" /><testcase classname="tests.backend_test.TestOnboardingLite" name="test_public_profile_respects_privacy_switches" time="1.157" /><testcase classname="tests.test_iteration10_ajustesv2.TestBlockCBio" name="test_bio_rejects_url" time="0.558" /><testcase classname="tests.test_iteration10_ajustesv2.TestBlockCBio" name="test_bio_rejects_phone" time="0.092" /><testcase classname="tests.test_iteration10_ajustesv2.TestBlockCBio" name="test_bio_rejects_over_300" time="0.100" /><testcase classname="tests.test_iteration10_ajustesv2.TestBlockCBio" name="test_bio_accepts_valid_100_chars" time="0.210" /><testcase classname="tests.test_iteration10_ajustesv2.TestBlockCBio" name="test_bio_public_exposure" time="0.554" /><testcase classname="tests.test_iteration10_ajustesv2.TestPrivacyB3NoCoordLeaks" name="test_discover_no_leak" time="0.095" /><testcase classname="tests.test_iteration10_ajustesv2.TestPrivacyB3NoCoordLeaks" name="test_public_profile_no_leak" time="0.212" /><testcase classname="tests.test_iteration10_ajustesv2.TestPrivacyB3NoCoordLeaks" name="test_matches_no_leak" time="0.098" /><testcase classname="tests.test_iteration10_ajustesv2.TestPrivacyB3NoCoordLeaks" name="test_admin_users_no_coord_leak" time="0.422" /><testcase classname="tests.test_iteration10_ajustesv2.TestRegressions" name="test_discover_still_returns" time="0.099" /><testcase classname="tests.test_iteration10_ajustesv2.TestRegressions" name="test_matches_still_returns" time="0.104" /><testcase classname="tests.test_iteration10_ajustesv2.TestRegressions" name="test_like_validation" time="0.097" /><testcase classname="tests.test_iteration10_ajustesv2.TestRegressions" name="test_groups_still_returns" time="0.096" /><testcase classname="tests.test_iteration13_visual_regression.TestCoreFlowsRegression" name="test_discover" time="0.435" /><testcase classname="tests.test_iteration13_visual_regression.TestCoreFlowsRegression" name="test_matches" time="0.094" /><testcase classname="tests.test_iteration13_visual_regression.TestCoreFlowsRegression" name="test_likes_received" time="0.101" /><testcase classname="tests.test_iteration13_visual_regression.TestCoreFlowsRegression" name="test_notifications_counts_shape" time="0.093" /><testcase classname="tests.test_iteration16_metrics.TestMetricsSmoke" name="test_summary_structure" time="0.711" /><testcase classname="tests.test_iteration16_metrics.TestMetricsSmoke" name="test_funnel_structure" time="0.422" /><testcase classname="tests.test_iteration16_metrics.TestMetricsSmoke" name="test_other_endpoints_smoke" time="0.981" /><testcase classname="tests.test_iteration16_metrics.TestMetricsSmoke" name="test_invalid_days_400" time="1.034" /><testcase classname="tests.test_iteration2.TestDiscoverFilters" name="test_age_range_filter" time="0.443" /><testcase classname="tests.test_iteration17_emails.TestPasswordFlow" name="test_forgot_google_only_variant" time="2.473" /><testcase classname="tests.test_iteration2.TestDiscoverFilters" name="test_comuna_filter" time="0.413" /><testcase classname="tests.test_iteration2.TestDiscoverFilters" name="test_combined_filters" time="0.428" /><testcase classname="tests.test_iteration2.TestDiscoverFilters" name="test_invalid_age_type_422" time="0.412" /><testcase classname="tests.test_iteration3.TestLikeValidation" name="test_like_mode_not_enabled_amistad_on_amor_only" time="0.960" /><testcase classname="tests.test_iteration17_emails.TestPasswordFlow" name="test_reset_password_invalid_token" time="0.094" /><testcase classname="tests.test_iteration17_emails.TestPasswordFlow" name="test_reset_password_short" time="0.362" /><testcase classname="tests.test_iteration3.TestLikeValidation" name="test_like_amor_target_lacks_amor" time="1.564" /><testcase classname="tests.test_iteration17_emails.TestPasswordFlow" name="test_reset_password_success_and_relogin" time="0.895" /><testcase classname="tests.test_iteration3.TestLikeValidation" name="test_like_amistad_ok_both_have_amistad" time="12.393" /><testcase classname="tests.test_iteration3.TestFileAuth" name="test_file_no_auth_returns_401" time="2.798" /><testcase classname="tests.test_iteration3.TestFileAuth" name="test_file_with_bearer_ok" time="0.221" /><testcase classname="tests.test_iteration3.TestFileAuth" name="test_file_with_query_auth_ok" time="0.262" /><testcase classname="tests.test_iteration3.TestFileAuth" name="test_file_invalid_token_401" time="0.099" /><testcase classname="tests.test_iteration4.TestMessagePagination" name="test_default_limit_50_and_ascending" time="6.562" /><testcase classname="tests.test_iteration4.TestMessagePagination" name="test_limit_query_param" time="2.761" /><testcase classname="tests.test_iteration4.TestMessagePagination" name="test_limit_over_max_returns_422" time="1.838" /><testcase classname="tests.test_iteration3.TestLikeValidation" name="test_like_amor_incompatible_target_no_amor" time="1.343" /><testcase classname="tests.test_iteration3.TestReports" name="test_report_invalid_category_422" time="1.064" /><testcase classname="tests.test_iteration4.TestMessagePagination" name="test_before_returns_older" time="2.636" /><testcase classname="tests.test_iteration3.TestReports" name="test_report_ofrece_sustancias_high_priority" time="1.690" /><testcase classname="tests.test_iteration3.TestReports" name="test_report_other_category_normal_priority" time="1.877" /><testcase classname="tests.test_iteration9_google_auth.TestRegressions" name="test_admin_login" time="0.572" /><testcase classname="tests.test_iteration9_google_auth.TestRegressions" name="test_demo_login_and_me" time="0.640" /><testcase classname="tests.test_iteration9_google_auth.TestRegressions" name="test_discover_regression" time="0.418" /><testcase classname="tests.test_iteration3.TestReports" name="test_admin_reports_sorted_high_first" time="0.568" /><testcase classname="tests.test_iteration9_google_auth.TestRegressions" name="test_patch_profile_regression" time="0.798" /><testcase classname="tests.backend_test.TestAuth" name="test_admin_login_and_me" time="0.661" /><testcase classname="tests.test_iteration16_metrics.TestMetricsPrivacyAuth" name="test_non_admin_gets_403_on_all" time="1.248" /><testcase classname="tests.backend_test.TestAuth" name="test_register_underage_fails" time="0.152" /><testcase classname="tests.backend_test.TestAuth" name="test_register_adult_and_onboarding_amor_requires_photo" time="1.092" /><testcase classname="tests.test_iteration16_metrics.TestMetricsPrivacyAuth" name="test_unauth_gets_401_or_403" time="1.182" /><testcase classname="tests.test_iteration16_metrics.TestMetricsBackfill" name="test_backfill_ok" time="0.529" /><testcase classname="tests.test_iteration16_metrics.TestMetricsBackfill" name="test_backfill_start_after_end_400" time="0.409" /><testcase classname="tests.test_iteration16_metrics.TestMetricsPrivacyAuth" name="test_backfill_non_admin_403" time="0.592" /><testcase classname="tests.test_iteration16_metrics.TestMetricsBackfill" name="test_backfill_range_too_large_400" time="0.820" /><testcase classname="tests.test_iteration17_emails.TestAdminRecipients" name="test_seeded_recipients" time="0.409"><failure message="AssertionError: assert 'esteban.scl@gmail.com' in ['nelson@sinadicciones.org']">E   AssertionError: assert 'esteban.scl@gmail.com' in ['nelson@sinadicciones.org']</failure></testcase><testcase classname="tests.test_iteration17_emails.TestAdminStatsAndSummary" name="test_stats_admin" time="0.596" /><testcase classname="tests.test_iteration17_emails.TestAdminRecipients" name="test_non_admin_403" time="0.597" /><testcase classname="tests.test_iteration17_emails.TestAdminRecipients" name="test_add_update_delete" time="0.571" /><testcase classname="tests.test_iteration17_emails.TestAdminStatsAndSummary" name="test_stats_non_admin" time="0.446" /><testcase classname="tests.test_iteration17_emails.TestAdminStatsAndSummary" name="test_force_daily_summary" time="0.294" /><testcase classname="tests.test_iteration2.TestNotifications" name="test_counts_shape_and_seen_matches" time="2.077" /><testcase classname="tests.test_iteration2.TestVideoUpload" name="test_reject_bad_extension" time="0.749" /><testcase classname="tests.test_iteration2.TestVideoUpload" name="test_reject_oversize" time="1.955" /><testcase classname="tests.test_iteration2.TestNotifications" name="test_unread_messages_and_read_flow" time="2.557" /><testcase classname="tests.test_iteration2.TestVideoUpload" name="test_upload_small_mp4_and_fetch" time="1.068" /><testcase classname="tests.test_iteration4.TestGroups" name="test_groups_list_has_member_count_and_is_member" time="0.447" /><testcase classname="tests.test_iteration4.TestGroups" name="test_join_group_reflects_is_member" time="0.778" /><testcase classname="tests.test_iteration2.TestNotifications" name="test_own_and_system_messages_not_unread" time="1.449" /><testcase classname="tests.test_iteration4.TestGroups" name="test_group_events_include_attendees" time="0.863" /><testcase classname="tests.test_iteration9_google_auth.TestOnboardingBirthdateGate" name="test_onboarding_rejects_missing_birthdate" time="0.127" /><testcase classname="tests.test_iteration9_google_auth.TestOnboardingBirthdateGate" name="test_onboarding_rejects_underage" time="0.104" /><testcase classname="tests.test_iteration5.TestVideosHidden" name="test_discover_has_no_videos_key" time="0.434" /><testcase classname="tests.test_iteration9_google_auth.TestOnboardingBirthdateGate" name="test_onboarding_success_with_valid_dob" time="0.408" /><testcase classname="tests.test_iteration5.TestVideosHidden" name="test_profile_by_id_has_no_videos_key" time="0.993" /><testcase classname="tests.backend_test.TestSeed" name="test_activities_16" time="0.261" /><testcase classname="tests.backend_test.TestSeed" name="test_groups_4" time="1.425" /><testcase classname="tests.test_iteration5.TestVideosHidden" name="test_auth_me_still_has_videos_owner_view" time="0.409" /><testcase classname="tests.backend_test.TestDiscover" name="test_discover_amistad_excludes_self" time="0.691" /><testcase classname="tests.backend_test.TestAdmin" name="test_admin_dashboard_reports_users_actions" time="31.977" /><testcase classname="tests.backend_test.TestDiscover" name="test_amor_mode_strict_for_user_without_amor" time="0.430" /><testcase classname="tests.test_iteration10_ajustesv2.TestBugA2CoordPreservation" name="test_patch_coords_then_alias_only_preserves" time="16.073" /><testcase classname="tests.test_iteration10_ajustesv2.TestBugA2CoordPreservation" name="test_patch_new_comuna_does_rederive" time="0.416" /><testcase classname="tests.test_iteration11_chat_profile.TestPublicProfile" name="test_get_public_profile_ok" time="0.836" /><testcase classname="tests.test_iteration11_chat_profile.TestPublicProfile" name="test_get_public_profile_404" time="0.103" /><testcase classname="tests.test_iteration13_visual_regression.TestActivitiesIcon" name="test_activities_returns_16_with_icon_and_emoji" time="0.421" /><testcase classname="tests.test_iteration13_visual_regression.TestActivitiesIcon" name="test_activities_icon_matches_seed_map" time="0.095" /><testcase classname="tests.test_iteration13_visual_regression.TestAuthRegression" name="test_login_ok" time="0.333" /><testcase classname="tests.test_iteration13_visual_regression.TestAuthRegression" name="test_login_bad_pw" time="0.322" /><testcase classname="tests.test_iteration16_metrics.TestSupportPageAnonCounter" name="test_anon_view_no_auth_and_increments" time="0.285" /><testcase classname="tests.test_iteration16_metrics.TestSupportPageAnonCounter" name="test_no_user_id_stored" time="0.098" /><testcase classname="tests.test_iteration17_emails.TestEmailPrefs" name="test_get_defaults" time="0.429" /><testcase classname="tests.test_iteration17_emails.TestEmailPrefs" name="test_patch_matches_off_and_reset" time="0.299" /><testcase classname="tests.test_iteration17_emails.TestUnsubscribe" name="test_valid_token_flips_pref" time="0.320" /><testcase classname="tests.test_iteration17_emails.TestUnsubscribe" name="test_invalid_token" time="0.101" /><testcase classname="tests.test_iteration17_emails.TestLikeMatchFlow" name="test_like_no_match_email" time="2.291" /><testcase classname="tests.test_iteration17_emails.TestLikeMatchFlow" name="test_new_match_emails" time="2.844" /><testcase classname="tests.test_iteration21_accept_plan_confirms" name="test_accept_plan_persists_confirmed_status_on_match" time="1.354" /><testcase classname="tests.test_iteration21_accept_plan_confirms" name="test_accept_plan_by_proposer_forbidden" time="1.158" /><testcase classname="tests.test_iteration3.TestBlockBehaviour" name="test_pass_blocked_returns_403" time="2.801" /><testcase classname="tests.test_iteration3.TestBlockBehaviour" name="test_message_after_block_forbidden" time="4.816" /><testcase classname="tests.backend_test.TestAdmin" name="test_admin_activities_and_groups_crud" time="1.351" /><testcase classname="tests.test_iteration11_chat_profile.TestGroupMessagesShape" name="test_get_messages_has_photo_field_and_no_noise" time="0.669" /><testcase classname="tests.test_iteration11_chat_profile.TestGroupMessagesShape" name="test_post_message_and_persist" time="0.192" /><testcase classname="tests.test_iteration5.TestBanSuspendLogin" name="test_banned_user_gets_403_and_reactivate_restores" time="1.669" /><testcase classname="tests.test_iteration5.TestBanSuspendLogin" name="test_suspended_user_gets_403_account_suspended_with_until" time="1.637" /><testcase classname="tests.test_iteration3.TestCORS" name="test_options_allowed_origin" time="0.002" /><testcase classname="tests.test_iteration3.TestCORS" name="test_options_disallowed_origin" time="0.001" /><testcase classname="tests.test_iteration5.TestUploadPhotoErrors" name="test_txt_file_rejected_with_spanish_message" time="0.661" /><testcase classname="tests.test_iteration5.TestUploadPhotoErrors" name="test_oversize_photo_rejected_with_8mb_msg" time="0.740" /><testcase classname="tests.test_iteration5.TestAdminCleanupTests" name="test_cleanup_requires_admin_non_admin_403" time="0.598" /><testcase classname="tests.test_iteration5.TestReportEnumUnchanged" name="test_report_rejects_invalid_category" time="1.433" /><testcase classname="tests.test_iteration5.TestAdminCleanupTests" name="test_cleanup_deletes_test_users" time="22.171" /><testcase classname="tests.test_iteration5.TestReportEnumUnchanged" name="test_report_accepts_known_category" time="20.587" /><testcase classname="tests.backend_test.TestMatchFlow" name="test_like_then_reciprocal_match" time="2.191" /><testcase classname="tests.test_iteration9_google_auth.TestGoogleSessionContract" name="test_missing_header_returns_400" time="0.145" /><testcase classname="tests.test_iteration9_google_auth.TestGoogleSessionContract" name="test_bogus_session_returns_401" time="0.175" /><testcase classname="tests.backend_test.TestUploads" name="test_photo_upload_and_fetch" time="0.770" /><testcase classname="tests.backend_test.TestReportBlock" name="test_report_and_block_hides_from_discover" time="0.883" /><testcase classname="tests.backend_test.TestQuota" name="test_daily_quota_limit" time="5.841"><skipped type="pytest.skip" message="Not enough valid candidates in current DB state to exhaust daily quota">/app/backend/tests/backend_test.py:349: Not enough valid candidates in current DB state to exhaust daily quota</skipped></testcase><testcase classname="tests.test_iteration10_ajustesv2.TestPrivacyB1CoordRounding" name="test_coords_rounded_2_decimals" time="1.039" /><testcase classname="tests.test_iteration10_ajustesv2.TestPrivacyB2DistanceBuckets" name="test_distances_are_buckets" time="0.095" /><testcase classname="tests.test_iteration11_chat_profile.TestNoNoiseRegression" name="test_no_test_noise_messages" time="0.683" /><testcase classname="tests.test_iteration11_chat_profile.TestRateLimit" name="test_rate_limit_61st_message_returns_429" time="7.316" /><testcase classname="tests.backend_test.TestReasons" name="test_reasons_crud" time="0.728" /><testcase classname="tests.test_iteration10_ajustesv2.TestBlockA5GoogleOnlyLogin" name="test_google_only_login_hint" time="0.107" /><testcase classname="tests.test_iteration17_emails.TestWaitlist" name="test_waitlist_creates_email_log" time="2.333" /><testcase classname="tests.test_iteration17_emails.TestWebhook" name="test_bounced_marks_undeliverable" time="1.111" /><testcase classname="tests.test_iteration17_emails.TestIdempotency" name="test_forgot_password_dedup" time="0.424" /><testcase classname="tests.test_iteration13_visual_regression.TestProfileRegression" name="test_public_profile_clean_shape" time="0.875" /><testcase classname="tests.test_iteration17_emails.TestPrivacy" name="test_no_sensitive_fields_in_logs" time="0.001" /><testcase classname="tests.test_iteration3.TestRateLimit" name="test_group_chat_rate_limit_60_per_minute" time="7.514" /><testcase classname="tests.test_iteration13_visual_regression.TestAdminCoordLeak" name="test_admin_users_no_coords" time="0.603" /><testcase classname="tests.test_iteration2.TestOnboardingWithVideos" name="test_onboarding_accepts_videos_empty" time="1.057" /><testcase classname="tests.test_iteration4.TestMatchesUnread" name="test_unread_and_read_flow" time="1.396"><failure message="AssertionError: {&quot;detail&quot;:&quot;Estás enviando muchos mensajes muy rápido. Respira un poco 💛&quot;}&#10;assert 429 == 200&#10; +  where 429 = &lt;Response [429]&gt;.status_code">E   AssertionError: {"detail":"Estás enviando muchos mensajes muy rápido. Respira un poco 💛"}
    assert 429 == 200
     +  where 429 = &lt;Response [429]&gt;.status_code</failure></testcase><testcase classname="tests.test_iteration4.TestNotificationsBaseline" name="test_counts_zero_after_seen_and_read" time="0.981" /><testcase classname="tests.test_iteration9_google_auth.TestLinkByEmailRegression" name="test_register_then_link_then_login" time="0.835" /></testsuite></testsuites>