<?xml version="1.0" encoding="utf-8"?><testsuites name="pytest tests"><testsuite name="pytest" errors="0" failures="0" skipped="0" tests="9" time="8.162" timestamp="2026-07-05T04:14:50.644754+00:00" hostname="agent-env-a37ad848-4acf-46cd-8820-71dfaba531cc"><testcase classname="tests.test_iteration4.TestGroups" name="test_groups_list_has_member_count_and_is_member" time="0.946" /><testcase classname="tests.test_iteration4.TestMessagePagination" name="test_default_limit_50_and_ascending" time="2.025" /><testcase classname="tests.test_iteration4.TestGroups" name="test_join_group_reflects_is_member" time="0.617" /><testcase classname="tests.test_iteration4.TestGroups" name="test_group_events_include_attendees" time="0.832" /><testcase classname="tests.test_iteration4.TestMessagePagination" name="test_limit_query_param" time="2.151" /><testcase classname="tests.test_iteration4.TestMatchesUnread" name="test_unread_and_read_flow" time="2.597" /><testcase classname="tests.test_iteration4.TestMessagePagination" name="test_limit_over_max_returns_422" time="1.647" /><testcase classname="tests.test_iteration4.TestNotificationsBaseline" name="test_counts_zero_after_seen_and_read" time="1.200" /><testcase classname="tests.test_iteration4.TestMessagePagination" name="test_before_returns_older" time="1.748" /></testsuite></testsuites>