<?xml version="1.0" encoding="utf-8"?><testsuites name="pytest tests"><testsuite name="pytest" errors="0" failures="0" skipped="0" tests="10" time="5.155" timestamp="2026-07-12T03:35:37.326219+00:00" hostname="agent-env-a37ad848-4acf-46cd-8820-71dfaba531cc"><testcase classname="tests.test_iteration26_partners" name="test_create_partner_success" time="0.675" /><testcase classname="tests.test_iteration26_partners" name="test_honeypot_silently_drops" time="0.113" /><testcase classname="tests.test_iteration26_partners" name="test_invalid_offer_type" time="0.103" /><testcase classname="tests.test_iteration26_partners" name="test_invalid_whatsapp" time="0.113" /><testcase classname="tests.test_iteration26_partners" name="test_invalid_email" time="0.133" /><testcase classname="tests.test_iteration26_partners" name="test_empty_required_fields" time="0.325" /><testcase classname="tests.test_iteration26_partners" name="test_rate_limit_same_email" time="0.569" /><testcase classname="tests.test_iteration26_partners" name="test_email_log_entries" time="2.005" /><testcase classname="tests.test_iteration26_partners" name="test_sitemap_includes_convenios" time="0.140" /><testcase classname="tests.test_iteration26_partners" name="test_aliados_route_reachable" time="0.101" /></testsuite></testsuites>