<?xml version="1.0" encoding="utf-8"?><testsuites name="pytest tests"><testsuite name="pytest" errors="0" failures="0" skipped="0" tests="15" time="4.890" timestamp="2026-09-06T21:09:38.994931+00:00" hostname="agent-env-a37ad848-4acf-46cd-8820-71dfaba531cc"><testcase classname="tests.test_iteration27_multipais.TestGeoCountries" name="test_countries_22_ordered" time="0.394" /><testcase classname="tests.test_iteration27_multipais.TestGeoCountries" name="test_helplines_cl_verified" time="0.343" /><testcase classname="tests.test_iteration27_multipais.TestGeoCountries" name="test_helplines_mx_verified" time="0.122" /><testcase classname="tests.test_iteration27_multipais.TestGeoCountries" name="test_helplines_es_not_verified" time="0.125" /><testcase classname="tests.test_iteration27_multipais.TestGeoCountries" name="test_helplines_us_not_verified" time="0.123" /><testcase classname="tests.test_iteration27_multipais.TestDiscoverScope" name="test_scope_country_cl_only" time="1.159" /><testcase classname="tests.test_iteration27_multipais.TestRegisterAcquisition" name="test_register_with_pais_and_utm" time="0.524" /><testcase classname="tests.test_iteration27_multipais.TestDiscoverScope" name="test_scope_regional_includes_mx" time="0.327" /><testcase classname="tests.test_iteration27_multipais.TestDiscoverScope" name="test_scope_nearby_works" time="0.159" /><testcase classname="tests.test_iteration27_multipais.TestRegisterAcquisition" name="test_register_invalid_pais_ignored" time="0.690" /><testcase classname="tests.test_iteration27_multipais.TestDiscoverScope" name="test_scope_invalid_400" time="0.338" /><testcase classname="tests.test_iteration27_multipais.TestOnboardingMultiCountry" name="test_mx_with_city_no_comuna" time="0.937" /><testcase classname="tests.test_iteration27_multipais.TestRegisterAcquisition" name="test_register_minimal" time="0.502" /><testcase classname="tests.test_iteration27_multipais.TestOnboardingMultiCountry" name="test_cl_with_comuna" time="0.740" /><testcase classname="tests.test_iteration27_multipais.TestOnboardingMultiCountry" name="test_mx_no_city_no_comuna_400" time="0.611" /></testsuite></testsuites>