<?xml version="1.0" encoding="utf-8"?><testsuites name="pytest tests"><testsuite name="pytest" errors="0" failures="0" skipped="2" tests="62" time="151.587" timestamp="2026-07-05T04:46:07.600774+00:00" hostname="agent-env-a37ad848-4acf-46cd-8820-71dfaba531cc"><testcase classname="tests.test_iteration3.TestLikeValidation" name="test_like_mode_not_enabled_amistad_on_amor_only" time="1.375" /><testcase classname="tests.test_iteration2.TestDiscoverFilters" name="test_age_range_filter" time="0.855" /><testcase classname="tests.test_iteration2.TestDiscoverFilters" name="test_comuna_filter" time="0.437" /><testcase classname="tests.test_iteration2.TestDiscoverFilters" name="test_combined_filters" time="0.614" /><testcase classname="tests.test_iteration3.TestLikeValidation" name="test_like_amor_target_lacks_amor" time="1.544" /><testcase classname="tests.test_iteration2.TestDiscoverFilters" name="test_invalid_age_type_422" time="0.666" /><testcase classname="tests.test_iteration3.TestLikeValidation" name="test_like_amistad_ok_both_have_amistad" time="1.654" /><testcase classname="tests.test_iteration3.TestFileAuth" name="test_file_no_auth_returns_401" time="0.942" /><testcase classname="tests.test_iteration3.TestFileAuth" name="test_file_with_bearer_ok" time="0.255" /><testcase classname="tests.test_iteration3.TestFileAuth" name="test_file_with_query_auth_ok" time="0.379" /><testcase classname="tests.test_iteration3.TestFileAuth" name="test_file_invalid_token_401" time="0.096" /><testcase classname="tests.test_iteration4.TestMessagePagination" name="test_default_limit_50_and_ascending" time="2.183" /><testcase classname="tests.test_iteration3.TestLikeValidation" name="test_like_amor_incompatible_target_no_amor" time="1.205" /><testcase classname="tests.test_iteration3.TestReports" name="test_report_invalid_category_422" time="1.291" /><testcase classname="tests.test_iteration4.TestMessagePagination" name="test_limit_query_param" time="2.636" /><testcase classname="tests.test_iteration3.TestReports" name="test_report_ofrece_sustancias_high_priority" time="1.255" /><testcase classname="tests.test_iteration3.TestReports" name="test_report_other_category_normal_priority" time="1.721" /><testcase classname="tests.test_iteration4.TestMessagePagination" name="test_limit_over_max_returns_422" time="1.742" /><testcase classname="tests.test_iteration3.TestReports" name="test_admin_reports_sorted_high_first" time="0.443" /><testcase classname="tests.backend_test.TestAuth" name="test_admin_login_and_me" time="0.638" /><testcase classname="tests.test_iteration4.TestMessagePagination" name="test_before_returns_older" time="41.429" /><testcase classname="tests.backend_test.TestAuth" name="test_register_underage_fails" time="0.315" /><testcase classname="tests.backend_test.TestAuth" name="test_register_adult_and_onboarding_amor_requires_photo" time="0.708" /><testcase classname="tests.test_iteration2.TestVideoUpload" name="test_reject_bad_extension" time="41.669" /><testcase classname="tests.test_iteration2.TestNotifications" name="test_counts_shape_and_seen_matches" time="15.825" /><testcase classname="tests.test_iteration2.TestVideoUpload" name="test_reject_oversize" time="1.622" /><testcase classname="tests.test_iteration2.TestVideoUpload" name="test_upload_small_mp4_and_fetch" time="1.225" /><testcase classname="tests.test_iteration4.TestGroups" name="test_groups_list_has_member_count_and_is_member" time="0.420" /><testcase classname="tests.test_iteration4.TestGroups" name="test_join_group_reflects_is_member" time="30.445"><skipped type="pytest.skip" message="demo3 already member of every group">/app/backend/tests/test_iteration4.py:96: demo3 already member of every group</skipped></testcase><testcase classname="tests.test_iteration2.TestNotifications" name="test_unread_messages_and_read_flow" time="3.718" /><testcase classname="tests.test_iteration2.TestNotifications" name="test_own_and_system_messages_not_unread" time="21.746" /><testcase classname="tests.test_iteration4.TestGroups" name="test_group_events_include_attendees" time="13.123" /><testcase classname="tests.backend_test.TestSeed" name="test_activities_16" time="0.113" /><testcase classname="tests.backend_test.TestSeed" name="test_groups_4" time="1.043" /><testcase classname="tests.backend_test.TestDiscover" name="test_discover_amistad_excludes_self" time="0.525" /><testcase classname="tests.backend_test.TestDiscover" name="test_amor_mode_strict_for_user_without_amor" time="0.413" /><testcase classname="tests.backend_test.TestAdmin" name="test_admin_dashboard_reports_users_actions" time="1.501" /><testcase classname="tests.backend_test.TestAdmin" name="test_admin_activities_and_groups_crud" time="0.713" /><testcase classname="tests.test_iteration3.TestBlockBehaviour" name="test_pass_blocked_returns_403" time="2.155" /><testcase classname="tests.test_iteration3.TestBlockBehaviour" name="test_message_after_block_forbidden" time="3.580" /><testcase classname="tests.test_iteration5.TestVideosHidden" name="test_discover_has_no_videos_key" time="0.825" /><testcase classname="tests.test_iteration5.TestVideosHidden" name="test_profile_by_id_has_no_videos_key" time="0.848" /><testcase classname="tests.test_iteration5.TestVideosHidden" name="test_auth_me_still_has_videos_owner_view" time="0.415" /><testcase classname="tests.test_iteration5.TestBanSuspendLogin" name="test_banned_user_gets_403_and_reactivate_restores" time="1.758" /><testcase classname="tests.test_iteration3.TestCORS" name="test_options_allowed_origin" time="0.002" /><testcase classname="tests.test_iteration3.TestCORS" name="test_options_disallowed_origin" time="0.001" /><testcase classname="tests.test_iteration5.TestUploadPhotoErrors" name="test_txt_file_rejected_with_spanish_message" time="0.657" /><testcase classname="tests.test_iteration5.TestUploadPhotoErrors" name="test_oversize_photo_rejected_with_8mb_msg" time="1.174" /><testcase classname="tests.test_iteration5.TestBanSuspendLogin" name="test_suspended_user_gets_403_account_suspended_with_until" time="1.491" /><testcase classname="tests.test_iteration5.TestReportEnumUnchanged" name="test_report_rejects_invalid_category" time="1.182" /><testcase classname="tests.test_iteration5.TestAdminCleanupTests" name="test_cleanup_requires_admin_non_admin_403" time="0.603" /><testcase classname="tests.test_iteration5.TestReportEnumUnchanged" name="test_report_accepts_known_category" time="1.255" /><testcase classname="tests.test_iteration5.TestAdminCleanupTests" name="test_cleanup_deletes_test_users" time="1.642" /><testcase classname="tests.backend_test.TestMatchFlow" name="test_like_then_reciprocal_match" time="1.795" /><testcase classname="tests.backend_test.TestQuota" name="test_daily_quota_limit" time="3.941"><skipped type="pytest.skip" message="Not enough valid candidates in current DB state to exhaust daily quota">/app/backend/tests/backend_test.py:229: Not enough valid candidates in current DB state to exhaust daily quota</skipped></testcase><testcase classname="tests.backend_test.TestReasons" name="test_reasons_crud" time="0.695" /><testcase classname="tests.backend_test.TestReportBlock" name="test_report_and_block_hides_from_discover" time="0.707" /><testcase classname="tests.test_iteration3.TestRateLimit" name="test_group_chat_rate_limit_60_per_minute" time="37.344" /><testcase classname="tests.backend_test.TestUploads" name="test_photo_upload_and_fetch" time="0.842" /><testcase classname="tests.test_iteration2.TestOnboardingWithVideos" name="test_onboarding_accepts_videos_empty" time="0.511" /><testcase classname="tests.test_iteration4.TestMatchesUnread" name="test_unread_and_read_flow" time="1.625" /><testcase classname="tests.test_iteration4.TestNotificationsBaseline" name="test_counts_zero_after_seen_and_read" time="0.955" /></testsuite></testsuites>