<?xml version="1.0" encoding="utf-8"?><testsuites name="pytest tests"><testsuite name="pytest" errors="0" failures="0" skipped="0" tests="22" time="12.699" timestamp="2026-07-05T16:55:14.980368+00:00" hostname="agent-env-a37ad848-4acf-46cd-8820-71dfaba531cc"><testcase classname="tests.backend_test.TestAuth" name="test_admin_login_and_me" time="0.629" /><testcase classname="tests.backend_test.TestOnboardingLite" name="test_onboarding_accepts_single_prompt" time="0.826" /><testcase classname="tests.backend_test.TestAuth" name="test_register_underage_fails" time="0.154" /><testcase classname="tests.backend_test.TestAuth" name="test_register_adult_and_onboarding_amor_requires_photo" time="0.883" /><testcase classname="tests.backend_test.TestOnboardingLite" name="test_onboarding_rejects_zero_prompts" time="0.796" /><testcase classname="tests.backend_test.TestOnboardingLite" name="test_onboarding_rejects_seven_prompts" time="0.656" /><testcase classname="tests.backend_test.TestSeed" name="test_activities_16" time="0.275" /><testcase classname="tests.backend_test.TestSeed" name="test_groups_4" time="1.041" /><testcase classname="tests.backend_test.TestOnboardingLite" name="test_onboarding_accepts_detail_fields_and_privacy" time="0.630" /><testcase classname="tests.backend_test.TestOnboardingLite" name="test_onboarding_rejects_out_of_range_height" time="0.740" /><testcase classname="tests.backend_test.TestDiscover" name="test_discover_amistad_excludes_self" time="0.706" /><testcase classname="tests.backend_test.TestOnboardingLite" name="test_patch_profile_prompts_bounds" time="1.076" /><testcase classname="tests.backend_test.TestDiscover" name="test_amor_mode_strict_for_user_without_amor" time="0.625" /><testcase classname="tests.backend_test.TestAdmin" name="test_admin_dashboard_reports_users_actions" time="2.074" /><testcase classname="tests.backend_test.TestOnboardingLite" name="test_completeness_endpoint" time="0.428" /><testcase classname="tests.backend_test.TestOnboardingLite" name="test_public_profile_respects_privacy_switches" time="1.680" /><testcase classname="tests.backend_test.TestAdmin" name="test_admin_activities_and_groups_crud" time="0.977" /><testcase classname="tests.backend_test.TestQuota" name="test_daily_quota_limit" time="3.808" /><testcase classname="tests.backend_test.TestMatchFlow" name="test_like_then_reciprocal_match" time="1.634" /><testcase classname="tests.backend_test.TestUploads" name="test_photo_upload_and_fetch" time="0.889" /><testcase classname="tests.backend_test.TestReasons" name="test_reasons_crud" time="0.745" /><testcase classname="tests.backend_test.TestReportBlock" name="test_report_and_block_hides_from_discover" time="0.747" /></testsuite></testsuites>