<?xml version="1.0" encoding="utf-8"?><testsuites name="pytest tests"><testsuite name="pytest" errors="0" failures="0" skipped="0" tests="10" time="6.599" timestamp="2026-09-06T21:38:37.545445+00:00" hostname="agent-env-a37ad848-4acf-46cd-8820-71dfaba531cc"><testcase classname="tests.test_iteration28_bloque2_meetings.TestCountryGroups" name="test_22_country_groups_present" time="0.450" /><testcase classname="tests.test_iteration28_bloque2_meetings.TestCountryGroups" name="test_comunidad_cl_detail" time="0.461" /><testcase classname="tests.test_iteration28_bloque2_meetings.TestRecurringMeetings" name="test_comunidad_cl_events" time="0.141" /><testcase classname="tests.test_iteration28_bloque2_meetings.TestMeetingGate" name="test_meeting_status_not_rsvpd" time="0.381" /><testcase classname="tests.test_iteration28_bloque2_meetings.TestMeetingGate" name="test_join_flow_too_early_then_ok" time="0.936" /><testcase classname="tests.test_iteration28_bloque2_meetings.TestModerators" name="test_admin_add_and_remove_moderator" time="0.723" /><testcase classname="tests.test_iteration28_bloque2_meetings.TestModerators" name="test_moderator_create_patch_delete_event" time="0.907" /><testcase classname="tests.test_iteration28_bloque2_meetings.TestModerators" name="test_pin_unpin_hide_message" time="1.894" /><testcase classname="tests.test_iteration28_bloque2_meetings.TestModerators" name="test_admin_remove_moderator" time="0.312" /><testcase classname="tests.test_iteration28_bloque2_meetings.TestOnboardingAutojoin" name="test_join_comunidad_mx" time="0.371" /></testsuite></testsuites>