<?xml version="1.0" encoding="utf-8"?><testsuites name="pytest tests"><testsuite name="pytest" errors="0" failures="0" skipped="0" tests="5" time="8.236" timestamp="2026-07-07T13:14:28.662768+00:00" hostname="agent-env-a37ad848-4acf-46cd-8820-71dfaba531cc"><testcase classname="tests.test_iteration25_chatear_online" name="test_activities_include_chatear_online" time="0.196" /><testcase classname="tests.test_iteration25_chatear_online" name="test_seed_idempotent_no_duplicate" time="0.105" /><testcase classname="tests.test_iteration25_chatear_online" name="test_match_message_when_both_pick_chat_online" time="2.352" /><testcase classname="tests.test_iteration25_chatear_online" name="test_match_message_lone_virtual_proposal" time="2.588" /><testcase classname="tests.test_iteration25_chatear_online" name="test_like_with_chat_online_does_not_create_plan" time="2.443" /></testsuite></testsuites>