<?xml version="1.0" encoding="utf-8"?><testsuites name="pytest tests"><testsuite name="pytest" errors="0" failures="0" skipped="0" tests="9" time="3.133" timestamp="2026-07-05T05:33:02.274184+00:00" hostname="agent-env-a37ad848-4acf-46cd-8820-71dfaba531cc"><testcase classname="tests.test_iteration7_geo" name="test_geo_countries_public_chile_enabled" time="0.186" /><testcase classname="tests.test_iteration7_geo" name="test_geo_helplines_cl_returns_four_sorted" time="0.105" /><testcase classname="tests.test_iteration7_geo" name="test_geo_helplines_us_empty" time="0.094" /><testcase classname="tests.test_iteration7_geo" name="test_auth_me_has_country_and_location" time="0.422" /><testcase classname="tests.test_iteration7_geo" name="test_discover_amistad_no_private_fields" time="0.098" /><testcase classname="tests.test_iteration7_geo" name="test_patch_profile_comuna_updates_location" time="0.281" /><testcase classname="tests.test_iteration7_geo" name="test_patch_profile_location_coords_rounded" time="0.288" /><testcase classname="tests.test_iteration7_geo" name="test_like_and_quota_still_works" time="0.397" /><testcase classname="tests.test_iteration7_geo" name="test_new_user_onboarding_sets_location_and_country" time="0.710" /></testsuite></testsuites>