<?xml version="1.0" encoding="utf-8"?><testsuites name="pytest tests"><testsuite name="pytest" errors="0" failures="1" skipped="0" tests="12" time="2.638" timestamp="2026-07-05T05:45:07.424565+00:00" hostname="agent-env-a37ad848-4acf-46cd-8820-71dfaba531cc"><testcase classname="tests.test_iteration8_geoswipe" name="test_discover_returns_distance_sorted_ascending" time="0.456" /><testcase classname="tests.test_iteration8_geoswipe" name="test_discover_radius_5km_narrows" time="0.096" /><testcase classname="tests.test_iteration8_geoswipe" name="test_discover_radius_1000_rejected" time="0.048" /><testcase classname="tests.test_iteration8_geoswipe" name="test_discover_privacy_no_sensitive_fields" time="0.048" /><testcase classname="tests.test_iteration8_geoswipe" name="test_patch_profile_coords_persist_and_reorder" time="0.189" /><testcase classname="tests.test_iteration8_geoswipe" name="test_patch_comuna_only_rederives_to_CL" time="0.215" /><testcase classname="tests.test_iteration8_geoswipe" name="test_waitlist_creates_and_upserts" time="0.200" /><testcase classname="tests.test_iteration8_geoswipe" name="test_waitlist_invalid_email" time="0.129" /><testcase classname="tests.test_iteration8_geoswipe" name="test_geo_countries_still_works" time="0.094" /><testcase classname="tests.test_iteration8_geoswipe" name="test_geo_helplines_still_works" time="0.098" /><testcase classname="tests.test_iteration8_geoswipe" name="test_like_endpoint_still_works" time="0.096" /><testcase classname="tests.test_iteration8_geoswipe" name="test_new_user_onboarding_backfills_CL" time="0.418"><failure message="AssertionError: {&quot;detail&quot;:[{&quot;type&quot;:&quot;literal_error&quot;,&quot;loc&quot;:[&quot;body&quot;,&quot;gender&quot;],&quot;msg&quot;:&quot;Input should be 'femenino', 'masculino', 'no_binario' or 'prefiero_no_decir'&quot;,&quot;input&quot;:&quot;F&quot;,&quot;ctx&quot;:{&quot;expected&quot;:&quot;'femenino', 'masculino', 'no_binario' or 'prefiero_no_decir'&quot;},&quot;url&quot;:&quot;https://errors.pydantic.dev/2.13/v/literal_error&quot;},{&quot;type&quot;:&quot;literal_error&quot;,&quot;loc&quot;:[&quot;body&quot;,&quot;relationship_with_substances&quot;],&quot;msg&quot;:&quot;Input should be 'sin_consumo', 'en_proceso' or 'prefiero_no_decir'&quot;,&quot;input&quot;:&quot;sobrio&quot;,&quot;ctx&quot;:{&quot;expected&quot;:&quot;'sin_consumo', 'en_proceso' or 'prefiero_no_decir'&quot;},&quot;url&quot;:&quot;https://errors.pydantic.dev/2.13/v/literal_error&quot;},{&quot;type&quot;:&quot;literal_error&quot;,&quot;loc&quot;:[&quot;body&quot;,&quot;sober_time&quot;],&quot;msg&quot;:&quot;Input should be '&lt;30d', '1-3m', '3-12m', '&gt;1a' or '&gt;5a'&quot;,&quot;input&quot;:&quot;6m-1a&quot;,&quot;ctx&quot;:{&quot;expected&quot;:&quot;'&lt;30d', '1-3m', '3-12m', '&gt;1a' or '&gt;5a'&quot;},&quot;url&quot;:&quot;https://errors.pydantic.dev/2.13/v/literal_error&quot;}]}&#10;assert 422 == 200&#10; +  where 422 = &lt;Response [422]&gt;.status_code">backend/tests/test_iteration8_geoswipe.py:206: in test_new_user_onboarding_backfills_CL
    assert r.status_code == 200, r.text
E   AssertionError: {"detail":[{"type":"literal_error","loc":["body","gender"],"msg":"Input should be 'femenino', 'masculino', 'no_binario' or 'prefiero_no_decir'","input":"F","ctx":{"expected":"'femenino', 'masculino', 'no_binario' or 'prefiero_no_decir'"},"url":"https://errors.pydantic.dev/2.13/v/literal_error"},{"type":"literal_error","loc":["body","relationship_with_substances"],"msg":"Input should be 'sin_consumo', 'en_proceso' or 'prefiero_no_decir'","input":"sobrio","ctx":{"expected":"'sin_consumo', 'en_proceso' or 'prefiero_no_decir'"},"url":"https://errors.pydantic.dev/2.13/v/literal_error"},{"type":"literal_error","loc":["body","sober_time"],"msg":"Input should be '&lt;30d', '1-3m', '3-12m', '&gt;1a' or '&gt;5a'","input":"6m-1a","ctx":{"expected":"'&lt;30d', '1-3m', '3-12m', '&gt;1a' or '&gt;5a'"},"url":"https://errors.pydantic.dev/2.13/v/literal_error"}]}
E   assert 422 == 200
E    +  where 422 = &lt;Response [422]&gt;.status_code</failure></testcase></testsuite></testsuites>