<?xml version="1.0" encoding="utf-8"?><testsuites name="pytest tests"><testsuite name="pytest" errors="0" failures="2" skipped="0" tests="17" time="81.250" timestamp="2026-07-05T03:48:15.710788+00:00" hostname="agent-env-a37ad848-4acf-46cd-8820-71dfaba531cc"><testcase classname="tests.test_iteration3.TestLikeValidation" name="test_like_mode_not_enabled_amistad_on_amor_only" time="1.109" /><testcase classname="tests.test_iteration3.TestLikeValidation" name="test_like_amor_target_lacks_amor" time="1.074" /><testcase classname="tests.test_iteration3.TestLikeValidation" name="test_like_amistad_ok_both_have_amistad" time="0.945" /><testcase classname="tests.test_iteration3.TestLikeValidation" name="test_like_amor_incompatible_target_no_amor" time="0.946" /><testcase classname="tests.test_iteration3.TestBlockBehaviour" name="test_pass_blocked_returns_403" time="2.120" /><testcase classname="tests.test_iteration3.TestBlockBehaviour" name="test_message_after_block_forbidden" time="2.398" /><testcase classname="tests.test_iteration3.TestRateLimit" name="test_group_chat_rate_limit_60_per_minute" time="6.693" /><testcase classname="tests.test_iteration3.TestCORS" name="test_options_allowed_origin" time="0.068"><failure message="AssertionError: {'Date': 'Sun, 05 Jul 2026 03:48:31 GMT', 'Connection': 'keep-alive', 'Access-Control-Allow-Origin': '*', 'Access-Control-Allow-Headers': '*', 'Access-Control-Allow-Methods': 'GET, POST, PUT, DELETE, OPTIONS, HEAD, PATCH', 'Access-Control-Max-Age': '300', 'set-cookie': '__cf_bm=N5UBi5m.bxy0RBq4pcdKAy4FJmkI2z.bG0KRdK2tmaU-1783223311.141304-1.0.1.1-fbells6KhjGvVU8yGh6VAorCZsPb._B0r6OsZ1VijXcDhvKyjjP43dHoGRvemJVRGLlPyT79AwtearyGL8Acqq9a1roBUAWJlFsIR7R2IJvG_ANTsDFLjOVouQ9c_eQc; HttpOnly; SameSite=None; Secure; Path=/; Domain=preview.emergentagent.com; Expires=Sun, 05 Jul 2026 04:18:31 GMT', 'X-Robots-Tag': 'noindex, nofollow', 'Server': 'cloudflare', 'CF-RAY': 'a16364feab23d94a-ORD'}&#10;assert '*' == 'https://comu...gentagent.com'&#10;  &#10;  - https://comunidad-sobria.preview.emergentagent.com&#10;  + *">backend/tests/test_iteration3.py:218: in test_options_allowed_origin
    assert aco == "https://comunidad-sobria.preview.emergentagent.com", r.headers
E   AssertionError: {'Date': 'Sun, 05 Jul 2026 03:48:31 GMT', 'Connection': 'keep-alive', 'Access-Control-Allow-Origin': '*', 'Access-Control-Allow-Headers': '*', 'Access-Control-Allow-Methods': 'GET, POST, PUT, DELETE, OPTIONS, HEAD, PATCH', 'Access-Control-Max-Age': '300', 'set-cookie': '__cf_bm=N5UBi5m.bxy0RBq4pcdKAy4FJmkI2z.bG0KRdK2tmaU-1783223311.141304-1.0.1.1-fbells6KhjGvVU8yGh6VAorCZsPb._B0r6OsZ1VijXcDhvKyjjP43dHoGRvemJVRGLlPyT79AwtearyGL8Acqq9a1roBUAWJlFsIR7R2IJvG_ANTsDFLjOVouQ9c_eQc; HttpOnly; SameSite=None; Secure; Path=/; Domain=preview.emergentagent.com; Expires=Sun, 05 Jul 2026 04:18:31 GMT', 'X-Robots-Tag': 'noindex, nofollow', 'Server': 'cloudflare', 'CF-RAY': 'a16364feab23d94a-ORD'}
E   assert '*' == 'https://comu...gentagent.com'
E     
E     - https://comunidad-sobria.preview.emergentagent.com
E     + *</failure></testcase><testcase classname="tests.test_iteration3.TestCORS" name="test_options_disallowed_origin" time="0.065"><failure message="AssertionError: evil origin allowed: *&#10;assert ('*' != 'https://evil.com' and '*' != '*')">backend/tests/test_iteration3.py:228: in test_options_disallowed_origin
    assert aco != "https://evil.com" and aco != "*", f"evil origin allowed: {aco}"
E   AssertionError: evil origin allowed: *
E   assert ('*' != 'https://evil.com' and '*' != '*')</failure></testcase><testcase classname="tests.test_iteration3.TestFileAuth" name="test_file_no_auth_returns_401" time="0.700" /><testcase classname="tests.test_iteration3.TestFileAuth" name="test_file_with_bearer_ok" time="0.243" /><testcase classname="tests.test_iteration3.TestFileAuth" name="test_file_with_query_auth_ok" time="0.264" /><testcase classname="tests.test_iteration3.TestFileAuth" name="test_file_invalid_token_401" time="0.090" /><testcase classname="tests.test_iteration3.TestReports" name="test_report_invalid_category_422" time="0.839" /><testcase classname="tests.test_iteration3.TestReports" name="test_report_ofrece_sustancias_high_priority" time="31.605" /><testcase classname="tests.test_iteration3.TestReports" name="test_report_other_category_normal_priority" time="31.543" /><testcase classname="tests.test_iteration3.TestReports" name="test_admin_reports_sorted_high_first" time="0.427" /></testsuite></testsuites>