<?xml version="1.0" encoding="utf-8"?><testsuites name="pytest tests"><testsuite name="pytest" errors="0" failures="4" skipped="0" tests="8" time="8.510" timestamp="2026-07-05T21:57:55.401042+00:00" hostname="agent-env-a37ad848-4acf-46cd-8820-71dfaba531cc"><testcase classname="tests.test_iteration22_env_suppression.TestConstants" name="test_env_preview_suppresses" time="0.000" /><testcase classname="tests.test_iteration22_env_suppression.TestConstants" name="test_production_would_not_suppress" time="0.000" /><testcase classname="tests.test_iteration22_env_suppression.TestInternalEmailSuppression" name="test_admin_new_user_suppressed" time="0.003"><failure message="Failed: async def functions are not natively supported.&#10;You need to install a suitable plugin for your async framework, for example:&#10;  - anyio&#10;  - pytest-asyncio&#10;  - pytest-tornasync&#10;  - pytest-trio&#10;  - pytest-twisted">async def functions are not natively supported.
You need to install a suitable plugin for your async framework, for example:
  - anyio
  - pytest-asyncio
  - pytest-tornasync
  - pytest-trio
  - pytest-twisted</failure></testcase><testcase classname="tests.test_iteration22_env_suppression.TestInternalEmailSuppression" name="test_register_and_onboarding_suppresses_admin_new_user" time="0.822"><failure message="AssertionError: {&quot;detail&quot;:[{&quot;type&quot;:&quot;literal_error&quot;,&quot;loc&quot;:[&quot;body&quot;,&quot;gender&quot;],&quot;msg&quot;:&quot;Input should be 'femenino', 'masculino', 'no_binario' or 'prefiero_no_decir'&quot;,&quot;input&quot;:&quot;F&quot;,&quot;ctx&quot;:{&quot;expected&quot;:&quot;'femenino', 'masculino', 'no_binario' or 'prefiero_no_decir'&quot;},&quot;url&quot;:&quot;https://errors.pydantic.dev/2.13/v/literal_error&quot;},{&quot;type&quot;:&quot;literal_error&quot;,&quot;loc&quot;:[&quot;body&quot;,&quot;relationship_with_substances&quot;],&quot;msg&quot;:&quot;Input should be 'sin_consumo', 'en_proceso' or 'prefiero_no_decir'&quot;,&quot;input&quot;:&quot;sobrio&quot;,&quot;ctx&quot;:{&quot;expected&quot;:&quot;'sin_consumo', 'en_proceso' or 'prefiero_no_decir'&quot;},&quot;url&quot;:&quot;https://errors.pydantic.dev/2.13/v/literal_error&quot;},{&quot;type&quot;:&quot;literal_error&quot;,&quot;loc&quot;:[&quot;body&quot;,&quot;sober_time&quot;],&quot;msg&quot;:&quot;Input should be '&lt;30d', '1-3m', '3-12m', '&gt;1a' or '&gt;5a'&quot;,&quot;input&quot;:&quot;1_ano_mas&quot;,&quot;ctx&quot;:{&quot;expected&quot;:&quot;'&lt;30d', '1-3m', '3-12m', '&gt;1a' or '&gt;5a'&quot;},&quot;url&quot;:&quot;https://errors.pydantic.dev/2.13/v/literal_error&quot;}]}&#10;assert 422 == 200&#10; +  where 422 = &lt;Response [422]&gt;.status_code">backend/tests/test_iteration22_env_suppression.py:110: in test_register_and_onboarding_suppresses_admin_new_user
    assert r2.status_code == 200, r2.text
E   AssertionError: {"detail":[{"type":"literal_error","loc":["body","gender"],"msg":"Input should be 'femenino', 'masculino', 'no_binario' or 'prefiero_no_decir'","input":"F","ctx":{"expected":"'femenino', 'masculino', 'no_binario' or 'prefiero_no_decir'"},"url":"https://errors.pydantic.dev/2.13/v/literal_error"},{"type":"literal_error","loc":["body","relationship_with_substances"],"msg":"Input should be 'sin_consumo', 'en_proceso' or 'prefiero_no_decir'","input":"sobrio","ctx":{"expected":"'sin_consumo', 'en_proceso' or 'prefiero_no_decir'"},"url":"https://errors.pydantic.dev/2.13/v/literal_error"},{"type":"literal_error","loc":["body","sober_time"],"msg":"Input should be '&lt;30d', '1-3m', '3-12m', '&gt;1a' or '&gt;5a'","input":"1_ano_mas","ctx":{"expected":"'&lt;30d', '1-3m', '3-12m', '&gt;1a' or '&gt;5a'"},"url":"https://errors.pydantic.dev/2.13/v/literal_error"}]}
E   assert 422 == 200
E    +  where 422 = &lt;Response [422]&gt;.status_code</failure></testcase><testcase classname="tests.test_iteration22_env_suppression.TestInternalEmailSuppression" name="test_transactional_welcome_still_sent" time="2.534"><failure message="AssertionError: welcome email log missing&#10;assert None is not None">backend/tests/test_iteration22_env_suppression.py:136: in test_transactional_welcome_still_sent
    assert log is not None, "welcome email log missing"
E   AssertionError: welcome email log missing
E   assert None is not None</failure></testcase><testcase classname="tests.test_iteration22_env_suppression.TestInternalEmailSuppression" name="test_transactional_waitlist_still_sent" time="2.302"><failure message="AssertionError: waitlist email log missing&#10;assert None is not None">backend/tests/test_iteration22_env_suppression.py:154: in test_transactional_waitlist_still_sent
    assert log is not None, "waitlist email log missing"
E   AssertionError: waitlist email log missing
E   assert None is not None</failure></testcase><testcase classname="tests.test_iteration22_env_suppression.TestInternalEmailSuppression" name="test_force_daily_summary_suppressed" time="1.471" /><testcase classname="tests.test_iteration22_env_suppression.TestInternalEmailSuppression" name="test_grave_report_suppressed" time="0.013" /></testsuite></testsuites>