<?xml version="1.0" encoding="utf-8"?><testsuites name="pytest tests"><testsuite name="pytest" errors="0" failures="0" skipped="0" tests="10" time="3.172" timestamp="2026-07-05T06:07:03.658780+00:00" hostname="agent-env-a37ad848-4acf-46cd-8820-71dfaba531cc"><testcase classname="tests.test_iteration9_google_auth.TestRegressions" name="test_admin_login" time="0.357" /><testcase classname="tests.test_iteration9_google_auth.TestOnboardingBirthdateGate" name="test_onboarding_rejects_missing_birthdate" time="0.358" /><testcase classname="tests.test_iteration9_google_auth.TestRegressions" name="test_demo_login_and_me" time="0.454" /><testcase classname="tests.test_iteration9_google_auth.TestOnboardingBirthdateGate" name="test_onboarding_rejects_underage" time="0.318" /><testcase classname="tests.test_iteration9_google_auth.TestOnboardingBirthdateGate" name="test_onboarding_success_with_valid_dob" time="0.103" /><testcase classname="tests.test_iteration9_google_auth.TestGoogleSessionContract" name="test_missing_header_returns_400" time="0.100" /><testcase classname="tests.test_iteration9_google_auth.TestRegressions" name="test_discover_regression" time="0.451" /><testcase classname="tests.test_iteration9_google_auth.TestGoogleSessionContract" name="test_bogus_session_returns_401" time="0.355" /><testcase classname="tests.test_iteration9_google_auth.TestLinkByEmailRegression" name="test_register_then_link_then_login" time="0.822" /><testcase classname="tests.test_iteration9_google_auth.TestRegressions" name="test_patch_profile_regression" time="0.797" /></testsuite></testsuites>