<?xml version="1.0" encoding="utf-8"?><testsuites name="pytest tests"><testsuite name="pytest" errors="0" failures="0" skipped="0" tests="9" time="7.916" timestamp="2026-07-05T23:39:30.042966+00:00" hostname="agent-env-a37ad848-4acf-46cd-8820-71dfaba531cc"><testcase classname="tests.test_iteration24_relationship_and_validation.TestSoberTimeEmptyStringBug" name="test_onboarding_accepts_empty_sober_time" time="0.846" /><testcase classname="tests.test_iteration24_relationship_and_validation.TestSinProblemaOnboarding" name="test_onboarding_sin_problema_with_show_relationship" time="0.874" /><testcase classname="tests.test_iteration24_relationship_and_validation.TestPatchRelationship" name="test_patch_to_sin_problema_and_back" time="1.381" /><testcase classname="tests.test_iteration24_relationship_and_validation.TestClearPublicBadge" name="test_prefiero_no_decir_never_shows_badge" time="0.777" /><testcase classname="tests.test_iteration24_relationship_and_validation.TestClearPublicBadge" name="test_show_relationship_false_hides_badge" time="0.792" /><testcase classname="tests.test_iteration24_relationship_and_validation.TestFriendlyValidationHandler" name="test_missing_field_returns_spanish" time="0.683" /><testcase classname="tests.test_iteration24_relationship_and_validation.TestFriendlyValidationHandler" name="test_invalid_literal_returns_spanish" time="0.714" /><testcase classname="tests.test_iteration24_relationship_and_validation.TestFriendlyValidationHandler" name="test_missing_query_param_mode_returns_spanish" time="0.770" /><testcase classname="tests.test_iteration24_relationship_and_validation.TestRegressionSoberBadge" name="test_demo_user_sober_badge_unaffected" time="1.060" /></testsuite></testsuites>