<?xml version="1.0" encoding="utf-8"?><testsuites name="pytest tests"><testsuite name="pytest" errors="0" failures="12" skipped="3" tests="181" time="248.517" timestamp="2026-07-05T17:54:29.736224+00:00" hostname="agent-env-a37ad848-4acf-46cd-8820-71dfaba531cc"><testcase classname="tests.test_iteration8_geoswipe" name="test_discover_returns_distance_sorted_ascending" time="0.631" /><testcase classname="tests.test_iteration8_geoswipe" name="test_discover_radius_5km_narrows" time="0.325" /><testcase classname="tests.test_iteration8_geoswipe" name="test_discover_radius_1000_rejected" time="0.044" /><testcase classname="tests.test_iteration8_geoswipe" name="test_discover_privacy_no_sensitive_fields" time="0.233" /><testcase classname="tests.test_iteration8_geoswipe" name="test_patch_profile_coords_persist_and_reorder" time="0.191" /><testcase classname="tests.test_iteration12_flujomatch" name="test_like_case_a_same_activity" time="1.543" /><testcase classname="tests.test_iteration8_geoswipe" name="test_patch_comuna_only_rederives_to_CL" time="0.242"><failure message="AssertionError: country should be re-derived to CL, got IN&#10;assert 'IN' == 'CL'&#10;  &#10;  - CL&#10;  + IN">E   AssertionError: country should be re-derived to CL, got IN
    assert 'IN' == 'CL'
      
      - CL
      + IN</failure></testcase><testcase classname="tests.test_iteration12_flujomatch" name="test_like_case_b_different_activities" time="0.255" /><testcase classname="tests.test_iteration8_geoswipe" name="test_waitlist_creates_and_upserts" time="0.394" /><testcase classname="tests.test_iteration12_flujomatch" name="test_like_case_c_only_one_proposes" time="0.263" /><testcase classname="tests.test_iteration12_flujomatch" name="test_like_case_d_no_proposal" time="0.245" /><testcase classname="tests.test_iteration8_geoswipe" name="test_waitlist_invalid_email" time="0.101" /><testcase classname="tests.test_iteration8_geoswipe" name="test_geo_countries_still_works" time="0.097" /><testcase classname="tests.test_iteration8_geoswipe" name="test_geo_helplines_still_works" time="0.098" /><testcase classname="tests.test_iteration12_flujomatch" name="test_matches_returns_proposals_resolved" time="0.466" /><testcase classname="tests.test_iteration8_geoswipe" name="test_like_endpoint_still_works" time="0.050"><skipped type="pytest.skip" message="No candidates available">/app/backend/tests/test_iteration8_geoswipe.py:177: No candidates available</skipped></testcase><testcase classname="tests.test_iteration8_geoswipe" name="test_new_user_onboarding_backfills_CL" time="0.604"><failure message="AssertionError: {&quot;detail&quot;:&quot;Escribe al menos 1 frase para tu perfil&quot;}&#10;assert 400 == 200&#10; +  where 400 = &lt;Response [400]&gt;.status_code">E   AssertionError: {"detail":"Escribe al menos 1 frase para tu perfil"}
    assert 400 == 200
     +  where 400 = &lt;Response [400]&gt;.status_code</failure></testcase><testcase classname="tests.test_iteration12_flujomatch" name="test_likes_received_and_seen_and_counts" time="0.466" /><testcase classname="tests.test_iteration7_geo" name="test_geo_countries_public_chile_enabled" time="0.141" /><testcase classname="tests.test_iteration7_geo" name="test_geo_helplines_cl_returns_four_sorted" time="0.141" /><testcase classname="tests.test_iteration12_flujomatch" name="test_likes_received_excludes_matched" time="0.100" /><testcase classname="tests.test_iteration7_geo" name="test_geo_helplines_us_empty" time="0.105" /><testcase classname="tests.test_iteration12_flujomatch" name="test_likes_received_excludes_passed" time="0.108" /><testcase classname="tests.test_iteration12_flujomatch" name="test_nudge_job_fires_once" time="0.896" /><testcase classname="tests.test_iteration7_geo" name="test_auth_me_has_country_and_location" time="0.509" /><testcase classname="tests.test_iteration7_geo" name="test_discover_amistad_no_private_fields" time="0.103" /><testcase classname="tests.test_iteration7_geo" name="test_patch_profile_comuna_updates_location" time="0.332" /><testcase classname="tests.test_iteration12_flujomatch" name="test_nudge_skipped_when_confirmed" time="0.102" /><testcase classname="tests.test_iteration7_geo" name="test_patch_profile_location_coords_rounded" time="0.256"><failure message="AssertionError: Not rounded to 4 dp: [-70.56, -33.41]&#10;assert [-70.56, -33.41] == [-70.5568, -33.4123]&#10;  &#10;  At index 0 diff: -70.56 != -70.5568&#10;  Use -v to get more diff">E   AssertionError: Not rounded to 4 dp: [-70.56, -33.41]
    assert [-70.56, -33.41] == [-70.5568, -33.4123]
      
      At index 0 diff: -70.56 != -70.5568
      Use -v to get more diff</failure></testcase><testcase classname="tests.test_iteration12_flujomatch" name="test_admin_users_no_coords" time="0.109" /><testcase classname="tests.test_iteration12_flujomatch" name="test_zzz_cleanup" time="0.003" /><testcase classname="tests.backend_test.TestOnboardingLite" name="test_onboarding_accepts_single_prompt" time="1.157" /><testcase classname="tests.test_iteration7_geo" name="test_like_and_quota_still_works" time="0.781" /><testcase classname="tests.test_iteration7_geo" name="test_new_user_onboarding_sets_location_and_country" time="1.552" /><testcase classname="tests.backend_test.TestOnboardingLite" name="test_onboarding_rejects_zero_prompts" time="0.691" /><testcase classname="tests.backend_test.TestOnboardingLite" name="test_onboarding_rejects_seven_prompts" time="0.812" /><testcase classname="tests.test_iteration17_emails.TestPasswordFlow" name="test_forgot_existing_user" time="2.282" /><testcase classname="tests.backend_test.TestOnboardingLite" name="test_onboarding_accepts_detail_fields_and_privacy" time="1.107" /><testcase classname="tests.backend_test.TestOnboardingLite" name="test_onboarding_rejects_out_of_range_height" time="0.687" /><testcase classname="tests.backend_test.TestOnboardingLite" name="test_patch_profile_prompts_bounds" time="1.365" /><testcase classname="tests.test_iteration17_emails.TestPasswordFlow" name="test_forgot_nonexistent_returns_ok_no_log" time="0.172" /><testcase classname="tests.test_iteration17_emails.TestPasswordFlow" name="test_forgot_google_only_variant" time="2.238" /><testcase classname="tests.backend_test.TestOnboardingLite" name="test_completeness_endpoint" time="0.425" /><testcase classname="tests.backend_test.TestOnboardingLite" name="test_public_profile_respects_privacy_switches" time="1.269" /><testcase classname="tests.test_iteration17_emails.TestPasswordFlow" name="test_reset_password_invalid_token" time="0.138" /><testcase classname="tests.test_iteration17_emails.TestPasswordFlow" name="test_reset_password_short" time="0.197" /><testcase classname="tests.test_iteration17_emails.TestPasswordFlow" name="test_reset_password_success_and_relogin" time="0.858" /><testcase classname="tests.test_iteration10_ajustesv2.TestBlockCBio" name="test_bio_rejects_url" time="16.083" /><testcase classname="tests.test_iteration10_ajustesv2.TestBlockCBio" name="test_bio_rejects_phone" time="7.279" /><testcase classname="tests.test_iteration10_ajustesv2.TestBlockCBio" name="test_bio_rejects_over_300" time="15.153" /><testcase classname="tests.test_iteration10_ajustesv2.TestPrivacyB3NoCoordLeaks" name="test_discover_no_leak" time="33.691" /><testcase classname="tests.test_iteration10_ajustesv2.TestBlockCBio" name="test_bio_accepts_valid_100_chars" time="11.451" /><testcase classname="tests.test_iteration10_ajustesv2.TestPrivacyB3NoCoordLeaks" name="test_public_profile_no_leak" time="14.829" /><testcase classname="tests.test_iteration10_ajustesv2.TestPrivacyB3NoCoordLeaks" name="test_matches_no_leak" time="0.120" /><testcase classname="tests.test_iteration10_ajustesv2.TestBlockCBio" name="test_bio_public_exposure" time="15.546" /><testcase classname="tests.test_iteration10_ajustesv2.TestPrivacyB3NoCoordLeaks" name="test_admin_users_no_coord_leak" time="2.533" /><testcase classname="tests.test_iteration13_visual_regression.TestCoreFlowsRegression" name="test_discover" time="0.426" /><testcase classname="tests.test_iteration13_visual_regression.TestCoreFlowsRegression" name="test_matches" time="12.389" /><testcase classname="tests.test_iteration13_visual_regression.TestCoreFlowsRegression" name="test_likes_received" time="0.166" /><testcase classname="tests.test_iteration13_visual_regression.TestCoreFlowsRegression" name="test_notifications_counts_shape" time="0.098" /><testcase classname="tests.test_iteration16_metrics.TestMetricsSmoke" name="test_summary_structure" time="0.741" /><testcase classname="tests.test_iteration10_ajustesv2.TestRegressions" name="test_discover_still_returns" time="0.108" /><testcase classname="tests.test_iteration10_ajustesv2.TestRegressions" name="test_matches_still_returns" time="0.095" /><testcase classname="tests.test_iteration10_ajustesv2.TestRegressions" name="test_like_validation" time="0.099" /><testcase classname="tests.test_iteration16_metrics.TestMetricsSmoke" name="test_funnel_structure" time="0.690" /><testcase classname="tests.test_iteration10_ajustesv2.TestRegressions" name="test_groups_still_returns" time="0.277" /><testcase classname="tests.test_iteration2.TestDiscoverFilters" name="test_age_range_filter" time="0.434" /><testcase classname="tests.test_iteration16_metrics.TestMetricsSmoke" name="test_other_endpoints_smoke" time="1.436" /><testcase classname="tests.test_iteration2.TestDiscoverFilters" name="test_comuna_filter" time="0.636" /><testcase classname="tests.test_iteration2.TestDiscoverFilters" name="test_combined_filters" time="0.441" /><testcase classname="tests.test_iteration2.TestDiscoverFilters" name="test_invalid_age_type_422" time="3.528" /><testcase classname="tests.test_iteration16_metrics.TestMetricsSmoke" name="test_invalid_days_400" time="1.031" /><testcase classname="tests.test_iteration3.TestLikeValidation" name="test_like_mode_not_enabled_amistad_on_amor_only" time="0.981" /><testcase classname="tests.test_iteration3.TestLikeValidation" name="test_like_amor_target_lacks_amor" time="1.196" /><testcase classname="tests.test_iteration3.TestLikeValidation" name="test_like_amistad_ok_both_have_amistad" time="1.321" /><testcase classname="tests.test_iteration3.TestFileAuth" name="test_file_no_auth_returns_401" time="1.190" /><testcase classname="tests.test_iteration3.TestFileAuth" name="test_file_with_bearer_ok" time="0.275" /><testcase classname="tests.test_iteration3.TestLikeValidation" name="test_like_amor_incompatible_target_no_amor" time="31.632" /><testcase classname="tests.test_iteration3.TestFileAuth" name="test_file_with_query_auth_ok" time="0.340" /><testcase classname="tests.test_iteration3.TestFileAuth" name="test_file_invalid_token_401" time="0.252" /><testcase classname="tests.test_iteration4.TestMessagePagination" name="test_default_limit_50_and_ascending" time="32.056" /><testcase classname="tests.test_iteration3.TestReports" name="test_report_invalid_category_422" time="0.872" /><testcase classname="tests.test_iteration3.TestReports" name="test_report_ofrece_sustancias_high_priority" time="2.080" /><testcase classname="tests.test_iteration4.TestMessagePagination" name="test_limit_query_param" time="2.078" /><testcase classname="tests.test_iteration3.TestReports" name="test_report_other_category_normal_priority" time="8.496" /><testcase classname="tests.test_iteration4.TestMessagePagination" name="test_limit_over_max_returns_422" time="21.299" /><testcase classname="tests.test_iteration3.TestReports" name="test_admin_reports_sorted_high_first" time="0.427" /><testcase classname="tests.test_iteration9_google_auth.TestRegressions" name="test_admin_login" time="0.320" /><testcase classname="tests.test_iteration9_google_auth.TestRegressions" name="test_demo_login_and_me" time="1.276" /><testcase classname="tests.test_iteration9_google_auth.TestRegressions" name="test_discover_regression" time="0.457" /><testcase classname="tests.test_iteration9_google_auth.TestRegressions" name="test_patch_profile_regression" time="0.421" /><testcase classname="tests.test_iteration16_metrics.TestMetricsPrivacyAuth" name="test_non_admin_gets_403_on_all" time="1.014" /><testcase classname="tests.test_iteration16_metrics.TestMetricsPrivacyAuth" name="test_unauth_gets_401_or_403" time="0.740" /><testcase classname="tests.test_iteration16_metrics.TestMetricsPrivacyAuth" name="test_backfill_non_admin_403" time="0.424" /><testcase classname="tests.test_iteration16_metrics.TestMetricsBackfill" name="test_backfill_ok" time="0.472" /><testcase classname="tests.test_iteration16_metrics.TestMetricsBackfill" name="test_backfill_start_after_end_400" time="0.436" /><testcase classname="tests.test_iteration16_metrics.TestMetricsBackfill" name="test_backfill_range_too_large_400" time="0.437" /><testcase classname="tests.test_iteration17_emails.TestAdminRecipients" name="test_seeded_recipients" time="0.432" /><testcase classname="tests.test_iteration17_emails.TestAdminRecipients" name="test_non_admin_403" time="0.420" /><testcase classname="tests.test_iteration17_emails.TestAdminRecipients" name="test_add_update_delete" time="0.400" /><testcase classname="tests.test_iteration17_emails.TestAdminStatsAndSummary" name="test_stats_admin" time="0.100" /><testcase classname="tests.test_iteration17_emails.TestAdminStatsAndSummary" name="test_stats_non_admin" time="0.096" /><testcase classname="tests.test_iteration17_emails.TestAdminStatsAndSummary" name="test_force_daily_summary" time="0.474" /><testcase classname="tests.test_iteration2.TestNotifications" name="test_counts_shape_and_seen_matches" time="1.039"><failure message="assert 3 == (1 + 0)">E   assert 3 == (1 + 0)</failure></testcase><testcase classname="tests.test_iteration2.TestNotifications" name="test_unread_messages_and_read_flow" time="1.646" /><testcase classname="tests.test_iteration2.TestNotifications" name="test_own_and_system_messages_not_unread" time="1.259" /><testcase classname="tests.test_iteration2.TestVideoUpload" name="test_reject_bad_extension" time="0.417" /><testcase classname="tests.test_iteration2.TestVideoUpload" name="test_reject_oversize" time="1.447" /><testcase classname="tests.test_iteration4.TestMessagePagination" name="test_before_returns_older" time="2.157" /><testcase classname="tests.test_iteration2.TestVideoUpload" name="test_upload_small_mp4_and_fetch" time="1.066" /><testcase classname="tests.test_iteration4.TestGroups" name="test_groups_list_has_member_count_and_is_member" time="0.588" /><testcase classname="tests.backend_test.TestAuth" name="test_admin_login_and_me" time="0.619" /><testcase classname="tests.test_iteration4.TestGroups" name="test_join_group_reflects_is_member" time="0.669"><skipped type="pytest.skip" message="demo3 already member of every group">/app/backend/tests/test_iteration4.py:96: demo3 already member of every group</skipped></testcase><testcase classname="tests.backend_test.TestAuth" name="test_register_underage_fails" time="0.258" /><testcase classname="tests.backend_test.TestAuth" name="test_register_adult_and_onboarding_amor_requires_photo" time="1.696" /><testcase classname="tests.test_iteration4.TestGroups" name="test_group_events_include_attendees" time="0.535" /><testcase classname="tests.test_iteration5.TestVideosHidden" name="test_discover_has_no_videos_key" time="0.418" /><testcase classname="tests.test_iteration5.TestVideosHidden" name="test_profile_by_id_has_no_videos_key" time="0.963" /><testcase classname="tests.test_iteration9_google_auth.TestOnboardingBirthdateGate" name="test_onboarding_rejects_missing_birthdate" time="0.275"><failure message="AssertionError: assert ('fecha' in 'escribe al menos 1 frase para tu perfil' or '18' in 'escribe al menos 1 frase para tu perfil')">E   AssertionError: assert ('fecha' in 'escribe al menos 1 frase para tu perfil' or '18' in 'escribe al menos 1 frase para tu perfil')</failure></testcase><testcase classname="tests.test_iteration9_google_auth.TestOnboardingBirthdateGate" name="test_onboarding_rejects_underage" time="0.095"><failure message="AssertionError: assert '18' in (('Escribe al menos 1 frase para tu perfil'))&#10; +  where 'Escribe al menos 1 frase para tu perfil' = &lt;built-in method get of dict object at 0xfbe6206e4ac0&gt;('detail')&#10; +    where &lt;built-in method get of dict object at 0xfbe6206e4ac0&gt; = {'detail': 'Escribe al menos 1 frase para tu perfil'}.get&#10; +      where {'detail': 'Escribe al menos 1 frase para tu perfil'} = json()&#10; +        where json = &lt;Response [400]&gt;.json">E   AssertionError: assert '18' in (('Escribe al menos 1 frase para tu perfil'))
     +  where 'Escribe al menos 1 frase para tu perfil' = &lt;built-in method get of dict object at 0xfbe6206e4ac0&gt;('detail')
     +    where &lt;built-in method get of dict object at 0xfbe6206e4ac0&gt; = {'detail': 'Escribe al menos 1 frase para tu perfil'}.get
     +      where {'detail': 'Escribe al menos 1 frase para tu perfil'} = json()
     +        where json = &lt;Response [400]&gt;.json</failure></testcase><testcase classname="tests.test_iteration9_google_auth.TestOnboardingBirthdateGate" name="test_onboarding_success_with_valid_dob" time="0.151"><failure message="AssertionError: {&quot;detail&quot;:&quot;Escribe al menos 1 frase para tu perfil&quot;}&#10;assert 400 == 200&#10; +  where 400 = &lt;Response [400]&gt;.status_code">E   AssertionError: {"detail":"Escribe al menos 1 frase para tu perfil"}
    assert 400 == 200
     +  where 400 = &lt;Response [400]&gt;.status_code</failure></testcase><testcase classname="tests.backend_test.TestDiscover" name="test_discover_amistad_excludes_self" time="0.574" /><testcase classname="tests.test_iteration5.TestVideosHidden" name="test_auth_me_still_has_videos_owner_view" time="49.842" /><testcase classname="tests.backend_test.TestDiscover" name="test_amor_mode_strict_for_user_without_amor" time="0.429" /><testcase classname="tests.backend_test.TestAdmin" name="test_admin_dashboard_reports_users_actions" time="1.506" /><testcase classname="tests.backend_test.TestAdmin" name="test_admin_activities_and_groups_crud" time="0.721" /><testcase classname="tests.test_iteration10_ajustesv2.TestBugA2CoordPreservation" name="test_patch_coords_then_alias_only_preserves" time="0.808" /><testcase classname="tests.test_iteration10_ajustesv2.TestBugA2CoordPreservation" name="test_patch_new_comuna_does_rederive" time="0.427" /><testcase classname="tests.test_iteration11_chat_profile.TestGroupMessagesShape" name="test_get_messages_has_photo_field_and_no_noise" time="0.609"><failure message="AssertionError: noise text found: t0-43a3&#10;assert not &lt;re.Match object; span=(0, 4), match='t0-4'&gt;&#10; +  where &lt;re.Match object; span=(0, 4), match='t0-4'&gt; = &lt;built-in method match of re.Pattern object at 0xfbe620a387c0&gt;('t0-43a3')&#10; +    where &lt;built-in method match of re.Pattern object at 0xfbe620a387c0&gt; = re.compile('^t\\d+-[0-9a-f]').match&#10; +    and   't0-43a3' = &lt;built-in method get of dict object at 0xfbe620681b80&gt;('text', '')&#10; +      where &lt;built-in method get of dict object at 0xfbe620681b80&gt; = {'id': '44f7d6c2-ba2a-4f28-9394-db357fc53b36', 'group_id': 'c786a9e2-bddd-497f-a40b-fca5ee17ca07', 'from_user': '1af07798-69bf-4ab5-b7e0-40ad543096e0', 'alias': 'Cata_23', ...}.get">E   AssertionError: noise text found: t0-43a3
    assert not &lt;re.Match object; span=(0, 4), match='t0-4'&gt;
     +  where &lt;re.Match object; span=(0, 4), match='t0-4'&gt; = &lt;built-in method match of re.Pattern object at 0xfbe620a387c0&gt;('t0-43a3')
     +    where &lt;built-in method match of re.Pattern object at 0xfbe620a387c0&gt; = re.compile('^t\\d+-[0-9a-f]').match
     +    and   't0-43a3' = &lt;built-in method get of dict object at 0xfbe620681b80&gt;('text', '')
     +      where &lt;built-in method get of dict object at 0xfbe620681b80&gt; = {'id': '44f7d6c2-ba2a-4f28-9394-db357fc53b36', 'group_id': 'c786a9e2-bddd-497f-a40b-fca5ee17ca07', 'from_user': '1af07798-69bf-4ab5-b7e0-40ad543096e0', 'alias': 'Cata_23', ...}.get</failure></testcase><testcase classname="tests.test_iteration11_chat_profile.TestGroupMessagesShape" name="test_post_message_and_persist" time="0.385" /><testcase classname="tests.test_iteration11_chat_profile.TestPublicProfile" name="test_get_public_profile_ok" time="0.513" /><testcase classname="tests.test_iteration11_chat_profile.TestPublicProfile" name="test_get_public_profile_404" time="0.096" /><testcase classname="tests.test_iteration13_visual_regression.TestActivitiesIcon" name="test_activities_returns_16_with_icon_and_emoji" time="0.419" /><testcase classname="tests.test_iteration13_visual_regression.TestActivitiesIcon" name="test_activities_icon_matches_seed_map" time="0.125" /><testcase classname="tests.test_iteration13_visual_regression.TestAuthRegression" name="test_login_ok" time="0.320" /><testcase classname="tests.test_iteration13_visual_regression.TestAuthRegression" name="test_login_bad_pw" time="0.322" /><testcase classname="tests.test_iteration16_metrics.TestSupportPageAnonCounter" name="test_anon_view_no_auth_and_increments" time="0.307" /><testcase classname="tests.test_iteration16_metrics.TestSupportPageAnonCounter" name="test_no_user_id_stored" time="0.102" /><testcase classname="tests.test_iteration17_emails.TestEmailPrefs" name="test_get_defaults" time="0.423" /><testcase classname="tests.test_iteration17_emails.TestEmailPrefs" name="test_patch_matches_off_and_reset" time="0.295" /><testcase classname="tests.test_iteration17_emails.TestUnsubscribe" name="test_valid_token_flips_pref" time="0.368" /><testcase classname="tests.test_iteration17_emails.TestUnsubscribe" name="test_invalid_token" time="0.114" /><testcase classname="tests.test_iteration17_emails.TestLikeMatchFlow" name="test_like_no_match_email" time="21.696" /><testcase classname="tests.backend_test.TestSeed" name="test_activities_16" time="0.120" /><testcase classname="tests.backend_test.TestSeed" name="test_groups_4" time="20.855" /><testcase classname="tests.test_iteration17_emails.TestLikeMatchFlow" name="test_new_match_emails" time="39.069" /><testcase classname="tests.test_iteration3.TestBlockBehaviour" name="test_pass_blocked_returns_403" time="3.770"><failure message="KeyError: 'id'">E   KeyError: 'id'</failure></testcase><testcase classname="tests.test_iteration3.TestCORS" name="test_options_allowed_origin" time="0.002" /><testcase classname="tests.test_iteration3.TestCORS" name="test_options_disallowed_origin" time="0.002" /><testcase classname="tests.test_iteration5.TestAdminCleanupTests" name="test_cleanup_requires_admin_non_admin_403" time="0.591" /><testcase classname="tests.test_iteration5.TestAdminCleanupTests" name="test_cleanup_deletes_test_users" time="1.560" /><testcase classname="tests.test_iteration5.TestUploadPhotoErrors" name="test_txt_file_rejected_with_spanish_message" time="0.419" /><testcase classname="tests.test_iteration5.TestUploadPhotoErrors" name="test_oversize_photo_rejected_with_8mb_msg" time="1.120" /><testcase classname="tests.test_iteration3.TestBlockBehaviour" name="test_message_after_block_forbidden" time="5.083" /><testcase classname="tests.test_iteration5.TestReportEnumUnchanged" name="test_report_rejects_invalid_category" time="1.214" /><testcase classname="tests.test_iteration5.TestReportEnumUnchanged" name="test_report_accepts_known_category" time="0.984" /><testcase classname="tests.test_iteration9_google_auth.TestGoogleSessionContract" name="test_missing_header_returns_400" time="0.096" /><testcase classname="tests.test_iteration9_google_auth.TestGoogleSessionContract" name="test_bogus_session_returns_401" time="0.235" /><testcase classname="tests.backend_test.TestMatchFlow" name="test_like_then_reciprocal_match" time="2.253" /><testcase classname="tests.test_iteration5.TestBanSuspendLogin" name="test_banned_user_gets_403_and_reactivate_restores" time="1.836" /><testcase classname="tests.backend_test.TestQuota" name="test_daily_quota_limit" time="7.885"><skipped type="pytest.skip" message="Not enough valid candidates in current DB state to exhaust daily quota">/app/backend/tests/backend_test.py:349: Not enough valid candidates in current DB state to exhaust daily quota</skipped></testcase><testcase classname="tests.test_iteration5.TestBanSuspendLogin" name="test_suspended_user_gets_403_account_suspended_with_until" time="1.259" /><testcase classname="tests.backend_test.TestUploads" name="test_photo_upload_and_fetch" time="0.876" /><testcase classname="tests.test_iteration10_ajustesv2.TestPrivacyB1CoordRounding" name="test_coords_rounded_2_decimals" time="0.724" /><testcase classname="tests.test_iteration10_ajustesv2.TestPrivacyB2DistanceBuckets" name="test_distances_are_buckets" time="0.094" /><testcase classname="tests.test_iteration10_ajustesv2.TestBlockA5GoogleOnlyLogin" name="test_google_only_login_hint" time="0.140" /><testcase classname="tests.test_iteration11_chat_profile.TestNoNoiseRegression" name="test_no_test_noise_messages" time="0.700"><failure message="AssertionError: noise leftover: t0-43a3&#10;assert not &lt;re.Match object; span=(0, 4), match='t0-4'&gt;&#10; +  where &lt;re.Match object; span=(0, 4), match='t0-4'&gt; = &lt;built-in method match of re.Pattern object at 0xfbe620a387c0&gt;('t0-43a3')&#10; +    where &lt;built-in method match of re.Pattern object at 0xfbe620a387c0&gt; = re.compile('^t\\d+-[0-9a-f]').match&#10; +    and   't0-43a3' = &lt;built-in method get of dict object at 0xfbe6203184c0&gt;('text', '')&#10; +      where &lt;built-in method get of dict object at 0xfbe6203184c0&gt; = {'id': '44f7d6c2-ba2a-4f28-9394-db357fc53b36', 'group_id': 'c786a9e2-bddd-497f-a40b-fca5ee17ca07', 'from_user': '1af07798-69bf-4ab5-b7e0-40ad543096e0', 'alias': 'Cata_23', ...}.get">E   AssertionError: noise leftover: t0-43a3
    assert not &lt;re.Match object; span=(0, 4), match='t0-4'&gt;
     +  where &lt;re.Match object; span=(0, 4), match='t0-4'&gt; = &lt;built-in method match of re.Pattern object at 0xfbe620a387c0&gt;('t0-43a3')
     +    where &lt;built-in method match of re.Pattern object at 0xfbe620a387c0&gt; = re.compile('^t\\d+-[0-9a-f]').match
     +    and   't0-43a3' = &lt;built-in method get of dict object at 0xfbe6203184c0&gt;('text', '')
     +      where &lt;built-in method get of dict object at 0xfbe6203184c0&gt; = {'id': '44f7d6c2-ba2a-4f28-9394-db357fc53b36', 'group_id': 'c786a9e2-bddd-497f-a40b-fca5ee17ca07', 'from_user': '1af07798-69bf-4ab5-b7e0-40ad543096e0', 'alias': 'Cata_23', ...}.get</failure></testcase><testcase classname="tests.test_iteration11_chat_profile.TestRateLimit" name="test_rate_limit_61st_message_returns_429" time="7.281" /><testcase classname="tests.backend_test.TestReasons" name="test_reasons_crud" time="0.869" /><testcase classname="tests.backend_test.TestReportBlock" name="test_report_and_block_hides_from_discover" time="0.732" /><testcase classname="tests.test_iteration17_emails.TestWaitlist" name="test_waitlist_creates_email_log" time="2.286" /><testcase classname="tests.test_iteration17_emails.TestWebhook" name="test_bounced_marks_undeliverable" time="1.112" /><testcase classname="tests.test_iteration13_visual_regression.TestProfileRegression" name="test_public_profile_clean_shape" time="0.869" /><testcase classname="tests.test_iteration17_emails.TestIdempotency" name="test_forgot_password_dedup" time="0.843" /><testcase classname="tests.test_iteration13_visual_regression.TestAdminCoordLeak" name="test_admin_users_no_coords" time="0.444" /><testcase classname="tests.test_iteration2.TestOnboardingWithVideos" name="test_onboarding_accepts_videos_empty" time="1.142" /><testcase classname="tests.test_iteration17_emails.TestPrivacy" name="test_no_sensitive_fields_in_logs" time="0.001" /><testcase classname="tests.test_iteration3.TestRateLimit" name="test_group_chat_rate_limit_60_per_minute" time="7.399" /><testcase classname="tests.test_iteration4.TestMatchesUnread" name="test_unread_and_read_flow" time="1.377"><failure message="AssertionError: {&quot;detail&quot;:&quot;Estás enviando muchos mensajes muy rápido. Respira un poco 💛&quot;}&#10;assert 429 == 200&#10; +  where 429 = &lt;Response [429]&gt;.status_code">E   AssertionError: {"detail":"Estás enviando muchos mensajes muy rápido. Respira un poco 💛"}
    assert 429 == 200
     +  where 429 = &lt;Response [429]&gt;.status_code</failure></testcase><testcase classname="tests.test_iteration4.TestNotificationsBaseline" name="test_counts_zero_after_seen_and_read" time="0.816"><failure message="assert 3 == 0">E   assert 3 == 0</failure></testcase><testcase classname="tests.test_iteration9_google_auth.TestLinkByEmailRegression" name="test_register_then_link_then_login" time="0.814" /></testsuite></testsuites>