<?xml version="1.0" encoding="utf-8"?><testsuites name="pytest tests"><testsuite name="pytest" errors="0" failures="0" skipped="0" tests="12" time="4.667" timestamp="2026-07-05T21:34:10.366828+00:00" hostname="agent-env-a37ad848-4acf-46cd-8820-71dfaba531cc"><testcase classname="tests.test_iteration12_flujomatch" name="test_like_case_a_same_activity" time="1.752" /><testcase classname="tests.test_iteration12_flujomatch" name="test_like_case_b_different_activities" time="0.196" /><testcase classname="tests.test_iteration12_flujomatch" name="test_like_case_c_only_one_proposes" time="0.201" /><testcase classname="tests.test_iteration12_flujomatch" name="test_like_case_d_no_proposal" time="0.287" /><testcase classname="tests.test_iteration12_flujomatch" name="test_matches_returns_proposals_resolved" time="0.324" /><testcase classname="tests.test_iteration12_flujomatch" name="test_likes_received_and_seen_and_counts" time="0.405" /><testcase classname="tests.test_iteration12_flujomatch" name="test_likes_received_excludes_matched" time="0.104" /><testcase classname="tests.test_iteration12_flujomatch" name="test_likes_received_excludes_passed" time="0.101" /><testcase classname="tests.test_iteration12_flujomatch" name="test_nudge_job_fires_once" time="0.704" /><testcase classname="tests.test_iteration12_flujomatch" name="test_nudge_skipped_when_confirmed" time="0.099" /><testcase classname="tests.test_iteration12_flujomatch" name="test_admin_users_no_coords" time="0.401" /><testcase classname="tests.test_iteration12_flujomatch" name="test_zzz_cleanup" time="0.003" /></testsuite></testsuites>