<?xml version="1.0" encoding="utf-8"?><testsuites name="pytest tests"><testsuite name="pytest" errors="0" failures="0" skipped="1" tests="18" time="4.577" timestamp="2026-07-05T06:35:37.830161+00:00" hostname="agent-env-a37ad848-4acf-46cd-8820-71dfaba531cc"><testcase classname="tests.test_iteration10_ajustesv2.TestBlockCBio" name="test_bio_rejects_url" time="0.736" /><testcase classname="tests.test_iteration10_ajustesv2.TestBlockCBio" name="test_bio_rejects_phone" time="0.099" /><testcase classname="tests.test_iteration10_ajustesv2.TestPrivacyB3NoCoordLeaks" name="test_discover_no_leak" time="0.839" /><testcase classname="tests.test_iteration10_ajustesv2.TestBlockCBio" name="test_bio_rejects_over_300" time="0.098" /><testcase classname="tests.test_iteration10_ajustesv2.TestBlockCBio" name="test_bio_accepts_valid_100_chars" time="0.359" /><testcase classname="tests.test_iteration10_ajustesv2.TestPrivacyB3NoCoordLeaks" name="test_public_profile_no_leak" time="0.597" /><testcase classname="tests.test_iteration10_ajustesv2.TestPrivacyB3NoCoordLeaks" name="test_matches_no_leak" time="0.241" /><testcase classname="tests.test_iteration10_ajustesv2.TestBlockCBio" name="test_bio_public_exposure" time="0.890" /><testcase classname="tests.test_iteration10_ajustesv2.TestPrivacyB3NoCoordLeaks" name="test_admin_users_no_coord_leak" time="0.417"><skipped type="pytest.skip" message="KNOWN: /admin/users exposes location.coords.coordinates (full doc). Review says it shouldn't. FLAG.">/app/backend/tests/test_iteration10_ajustesv2.py:189: KNOWN: /admin/users exposes location.coords.coordinates (full doc). Review says it shouldn't. FLAG.</skipped></testcase><testcase classname="tests.test_iteration10_ajustesv2.TestBugA2CoordPreservation" name="test_patch_coords_then_alias_only_preserves" time="0.397" /><testcase classname="tests.test_iteration10_ajustesv2.TestRegressions" name="test_discover_still_returns" time="0.108" /><testcase classname="tests.test_iteration10_ajustesv2.TestRegressions" name="test_matches_still_returns" time="0.129" /><testcase classname="tests.test_iteration10_ajustesv2.TestRegressions" name="test_like_validation" time="0.147" /><testcase classname="tests.test_iteration10_ajustesv2.TestBugA2CoordPreservation" name="test_patch_new_comuna_does_rederive" time="0.480" /><testcase classname="tests.test_iteration10_ajustesv2.TestRegressions" name="test_groups_still_returns" time="0.099" /><testcase classname="tests.test_iteration10_ajustesv2.TestPrivacyB2DistanceBuckets" name="test_distances_are_buckets" time="0.109" /><testcase classname="tests.test_iteration10_ajustesv2.TestPrivacyB1CoordRounding" name="test_coords_rounded_2_decimals" time="0.290" /><testcase classname="tests.test_iteration10_ajustesv2.TestBlockA5GoogleOnlyLogin" name="test_google_only_login_hint" time="0.121" /></testsuite></testsuites>