<?xml version="1.0" encoding="utf-8"?><testsuites name="pytest tests"><testsuite name="pytest" errors="0" failures="0" skipped="0" tests="11" time="7.175" timestamp="2026-07-05T03:09:14.292826+00:00" hostname="agent-env-a37ad848-4acf-46cd-8820-71dfaba531cc"><testcase classname="tests.test_iteration2.TestNotifications" name="test_counts_shape_and_seen_matches" time="2.528" /><testcase classname="tests.test_iteration2.TestDiscoverFilters" name="test_age_range_filter" time="0.666" /><testcase classname="tests.test_iteration2.TestDiscoverFilters" name="test_comuna_filter" time="0.581" /><testcase classname="tests.test_iteration2.TestDiscoverFilters" name="test_combined_filters" time="0.459" /><testcase classname="tests.test_iteration2.TestDiscoverFilters" name="test_invalid_age_type_422" time="0.436" /><testcase classname="tests.test_iteration2.TestVideoUpload" name="test_reject_bad_extension" time="0.699" /><testcase classname="tests.test_iteration2.TestNotifications" name="test_unread_messages_and_read_flow" time="1.867" /><testcase classname="tests.test_iteration2.TestVideoUpload" name="test_reject_oversize" time="1.628" /><testcase classname="tests.test_iteration2.TestNotifications" name="test_own_and_system_messages_not_unread" time="1.714" /><testcase classname="tests.test_iteration2.TestVideoUpload" name="test_upload_small_mp4_and_fetch" time="1.709" /><testcase classname="tests.test_iteration2.TestOnboardingWithVideos" name="test_onboarding_accepts_videos_empty" time="0.530" /></testsuite></testsuites>