<?xml version="1.0" encoding="utf-8"?><testsuites name="pytest tests"><testsuite name="pytest" errors="0" failures="2" skipped="0" tests="51" time="128.349" timestamp="2026-07-05T04:16:08.831964+00:00" hostname="agent-env-a37ad848-4acf-46cd-8820-71dfaba531cc"><testcase classname="tests.test_iteration3.TestLikeValidation" name="test_like_mode_not_enabled_amistad_on_amor_only" time="1.320" /><testcase classname="tests.test_iteration2.TestDiscoverFilters" name="test_age_range_filter" time="0.896" /><testcase classname="tests.test_iteration2.TestDiscoverFilters" name="test_comuna_filter" time="0.441" /><testcase classname="tests.test_iteration3.TestLikeValidation" name="test_like_amor_target_lacks_amor" time="1.368" /><testcase classname="tests.test_iteration2.TestDiscoverFilters" name="test_combined_filters" time="0.813" /><testcase classname="tests.test_iteration2.TestDiscoverFilters" name="test_invalid_age_type_422" time="0.437" /><testcase classname="tests.test_iteration3.TestLikeValidation" name="test_like_amistad_ok_both_have_amistad" time="1.330"><failure message="AssertionError: {&quot;detail&quot;:&quot;Se acabaron tus me tinca de hoy. Vuelve mañana o revisa los grupos 👀&quot;}&#10;assert 429 == 200&#10; +  where 429 = &lt;Response [429]&gt;.status_code">backend/tests/test_iteration3.py:78: in test_like_amistad_ok_both_have_amistad
    assert r.status_code == 200, r.text
E   AssertionError: {"detail":"Se acabaron tus me tinca de hoy. Vuelve mañana o revisa los grupos 👀"}
E   assert 429 == 200
E    +  where 429 = &lt;Response [429]&gt;.status_code</failure></testcase><testcase classname="tests.test_iteration3.TestFileAuth" name="test_file_no_auth_returns_401" time="1.091" /><testcase classname="tests.test_iteration3.TestFileAuth" name="test_file_with_bearer_ok" time="0.240" /><testcase classname="tests.test_iteration3.TestFileAuth" name="test_file_with_query_auth_ok" time="0.268" /><testcase classname="tests.test_iteration3.TestLikeValidation" name="test_like_amor_incompatible_target_no_amor" time="1.350" /><testcase classname="tests.test_iteration3.TestFileAuth" name="test_file_invalid_token_401" time="0.208" /><testcase classname="tests.test_iteration4.TestMessagePagination" name="test_default_limit_50_and_ascending" time="1.920" /><testcase classname="tests.test_iteration3.TestReports" name="test_report_invalid_category_422" time="0.893" /><testcase classname="tests.test_iteration3.TestReports" name="test_report_ofrece_sustancias_high_priority" time="1.621" /><testcase classname="tests.test_iteration4.TestMessagePagination" name="test_limit_query_param" time="32.431" /><testcase classname="tests.test_iteration3.TestReports" name="test_report_other_category_normal_priority" time="32.019" /><testcase classname="tests.test_iteration4.TestMessagePagination" name="test_limit_over_max_returns_422" time="1.986" /><testcase classname="tests.test_iteration3.TestReports" name="test_admin_reports_sorted_high_first" time="0.471" /><testcase classname="tests.backend_test.TestAuth" name="test_admin_login_and_me" time="0.435" /><testcase classname="tests.test_iteration4.TestMessagePagination" name="test_before_returns_older" time="2.468" /><testcase classname="tests.backend_test.TestAuth" name="test_register_underage_fails" time="0.268" /><testcase classname="tests.backend_test.TestAuth" name="test_register_adult_and_onboarding_amor_requires_photo" time="0.986" /><testcase classname="tests.test_iteration2.TestVideoUpload" name="test_reject_bad_extension" time="0.461" /><testcase classname="tests.test_iteration2.TestVideoUpload" name="test_reject_oversize" time="1.700" /><testcase classname="tests.test_iteration2.TestNotifications" name="test_counts_shape_and_seen_matches" time="1.829" /><testcase classname="tests.test_iteration2.TestVideoUpload" name="test_upload_small_mp4_and_fetch" time="1.633" /><testcase classname="tests.test_iteration2.TestNotifications" name="test_unread_messages_and_read_flow" time="13.708" /><testcase classname="tests.test_iteration4.TestGroups" name="test_groups_list_has_member_count_and_is_member" time="11.700" /><testcase classname="tests.test_iteration4.TestGroups" name="test_join_group_reflects_is_member" time="0.674" /><testcase classname="tests.test_iteration4.TestGroups" name="test_group_events_include_attendees" time="0.575" /><testcase classname="tests.test_iteration2.TestNotifications" name="test_own_and_system_messages_not_unread" time="1.875" /><testcase classname="tests.backend_test.TestDiscover" name="test_discover_amistad_excludes_self" time="0.916" /><testcase classname="tests.backend_test.TestDiscover" name="test_amor_mode_strict_for_user_without_amor" time="0.529" /><testcase classname="tests.backend_test.TestAdmin" name="test_admin_dashboard_reports_users_actions" time="1.658" /><testcase classname="tests.backend_test.TestSeed" name="test_activities_16" time="0.097" /><testcase classname="tests.backend_test.TestSeed" name="test_groups_4" time="1.237" /><testcase classname="tests.backend_test.TestAdmin" name="test_admin_activities_and_groups_crud" time="1.197" /><testcase classname="tests.test_iteration3.TestCORS" name="test_options_allowed_origin" time="0.002" /><testcase classname="tests.test_iteration3.TestCORS" name="test_options_disallowed_origin" time="0.002" /><testcase classname="tests.backend_test.TestMatchFlow" name="test_like_then_reciprocal_match" time="1.557"><failure message="AssertionError: {&quot;detail&quot;:&quot;Se acabaron tus me tinca de hoy. Vuelve mañana o revisa los grupos 👀&quot;}&#10;assert 429 == 200&#10; +  where 429 = &lt;Response [429]&gt;.status_code">backend/tests/backend_test.py:149: in test_like_then_reciprocal_match
    assert r.status_code == 200, r.text
E   AssertionError: {"detail":"Se acabaron tus me tinca de hoy. Vuelve mañana o revisa los grupos 👀"}
E   assert 429 == 200
E    +  where 429 = &lt;Response [429]&gt;.status_code</failure></testcase><testcase classname="tests.test_iteration3.TestBlockBehaviour" name="test_pass_blocked_returns_403" time="21.739" /><testcase classname="tests.backend_test.TestQuota" name="test_daily_quota_limit" time="24.725" /><testcase classname="tests.test_iteration3.TestBlockBehaviour" name="test_message_after_block_forbidden" time="2.636" /><testcase classname="tests.backend_test.TestUploads" name="test_photo_upload_and_fetch" time="0.848" /><testcase classname="tests.backend_test.TestReasons" name="test_reasons_crud" time="0.914" /><testcase classname="tests.test_iteration2.TestOnboardingWithVideos" name="test_onboarding_accepts_videos_empty" time="0.729" /><testcase classname="tests.test_iteration3.TestRateLimit" name="test_group_chat_rate_limit_60_per_minute" time="37.878" /><testcase classname="tests.backend_test.TestReportBlock" name="test_report_and_block_hides_from_discover" time="1.155" /><testcase classname="tests.test_iteration4.TestMatchesUnread" name="test_unread_and_read_flow" time="1.826" /><testcase classname="tests.test_iteration4.TestNotificationsBaseline" name="test_counts_zero_after_seen_and_read" time="0.814" /></testsuite></testsuites>