<?xml version="1.0" encoding="utf-8"?><testsuites name="pytest tests"><testsuite name="pytest" errors="0" failures="0" skipped="0" tests="10" time="3.177" timestamp="2026-07-05T16:06:17.996977+00:00" hostname="agent-env-a37ad848-4acf-46cd-8820-71dfaba531cc"><testcase classname="tests.test_iteration13_visual_regression.TestActivitiesIcon" name="test_activities_returns_16_with_icon_and_emoji" time="0.667" /><testcase classname="tests.test_iteration13_visual_regression.TestCoreFlowsRegression" name="test_discover" time="0.783" /><testcase classname="tests.test_iteration13_visual_regression.TestActivitiesIcon" name="test_activities_icon_matches_seed_map" time="0.136" /><testcase classname="tests.test_iteration13_visual_regression.TestCoreFlowsRegression" name="test_matches" time="0.109" /><testcase classname="tests.test_iteration13_visual_regression.TestAuthRegression" name="test_login_ok" time="0.699" /><testcase classname="tests.test_iteration13_visual_regression.TestCoreFlowsRegression" name="test_likes_received" time="0.139" /><testcase classname="tests.test_iteration13_visual_regression.TestCoreFlowsRegression" name="test_notifications_counts_shape" time="0.140" /><testcase classname="tests.test_iteration13_visual_regression.TestAuthRegression" name="test_login_bad_pw" time="0.503" /><testcase classname="tests.test_iteration13_visual_regression.TestAdminCoordLeak" name="test_admin_users_no_coords" time="0.846" /><testcase classname="tests.test_iteration13_visual_regression.TestProfileRegression" name="test_public_profile_clean_shape" time="0.536" /></testsuite></testsuites>