<?xml version="1.0" encoding="utf-8"?><testsuites name="pytest tests"><testsuite name="pytest" errors="0" failures="0" skipped="0" tests="14" time="9.294" timestamp="2026-07-05T02:54:56.254312+00:00" hostname="agent-env-a37ad848-4acf-46cd-8820-71dfaba531cc"><testcase classname="tests.backend_test.TestSeed" name="test_activities_16" time="0.384" /><testcase classname="tests.backend_test.TestAuth" name="test_admin_login_and_me" time="0.743" /><testcase classname="tests.backend_test.TestSeed" name="test_groups_4" time="0.976" /><testcase classname="tests.backend_test.TestAuth" name="test_register_underage_fails" time="0.101" /><testcase classname="tests.backend_test.TestAuth" name="test_register_adult_and_onboarding_amor_requires_photo" time="1.118" /><testcase classname="tests.backend_test.TestDiscover" name="test_discover_amistad_excludes_self" time="0.529" /><testcase classname="tests.backend_test.TestDiscover" name="test_amor_mode_strict_for_user_without_amor" time="0.584" /><testcase classname="tests.backend_test.TestAdmin" name="test_admin_dashboard_reports_users_actions" time="2.042" /><testcase classname="tests.backend_test.TestMatchFlow" name="test_like_then_reciprocal_match" time="2.216" /><testcase classname="tests.backend_test.TestAdmin" name="test_admin_activities_and_groups_crud" time="1.008" /><testcase classname="tests.backend_test.TestQuota" name="test_daily_quota_limit" time="3.181" /><testcase classname="tests.backend_test.TestReasons" name="test_reasons_crud" time="0.794" /><testcase classname="tests.backend_test.TestReportBlock" name="test_report_and_block_hides_from_discover" time="0.807" /><testcase classname="tests.backend_test.TestUploads" name="test_photo_upload_and_fetch" time="0.906" /></testsuite></testsuites>